2020/06/02 22:18:03 Options Received: {"Directory":"/media/auto/work/tmp","FileSize":100,"FilesystemPercent":30,"NumberOfFiles":1,"BlockSize":[4,8,128,256,512],"WriteRatio":null,"WriteRatioThread0":null,"RandomRatio":[0,0.5,1],"Time":3,"Runs":5,"ExperimentMode":"run","ExperimentModeCreate":false,"ExperimentModeRun":false,"ExperimentModeRemove":false}
2020/06/02 22:18:03 Filesystem data: type=61267, block_size=4096, blocks=119917488, blocks_free=83923876, blocks_available=77814961
2020/06/02 22:18:03 filesystem-percent defined to 30%. Overriding file-size to 140528
2020/06/02 22:18:03 Options Processed: {"Directory":"/media/auto/work/tmp","FileSize":140528,"FilesystemPercent":30,"NumberOfFiles":1,"BlockSize":[4,8,128,256,512],"WriteRatio":[0,0.2,0.4,0.5,0.6,0.8,1],"WriteRatioThread0":null,"RandomRatio":[0,0.5,1],"Time":3,"Runs":5,"ExperimentMode":"run","ExperimentModeCreate":false,"ExperimentModeRun":true,"ExperimentModeRemove":false}
2020/06/02 22:18:03 thread 0: Creating file /media/auto/work/tmp/0
2020/06/02 22:18:03 thread 0: main loop, blockSize=4, writeRatio=0.0, randomRatio=0.0
2020/06/02 22:18:05 thread 0: count=134700, time=3.0, throughput=175
2020/06/02 22:18:05 thread 0: main loop, blockSize=4, writeRatio=0.0, randomRatio=0.0
2020/06/02 22:18:08 thread 0: count=133200, time=3.0, throughput=173
2020/06/02 22:18:08 thread 0: main loop, blockSize=4, writeRatio=0.0, randomRatio=0.0
2020/06/02 22:18:11 thread 0: count=133100, time=3.0, throughput=173
2020/06/02 22:18:11 thread 0: main loop, blockSize=4, writeRatio=0.0, randomRatio=0.0
2020/06/02 22:18:14 thread 0: count=132300, time=3.0, throughput=172
2020/06/02 22:18:14 thread 0: main loop, blockSize=4, writeRatio=0.0, randomRatio=0.0
2020/06/02 22:18:17 thread 0: count=132600, time=3.0, throughput=172
2020/06/02 22:18:17 thread 0: main loop, blockSize=4, writeRatio=0.2, randomRatio=0.0
2020/06/02 22:18:20 thread 0: count=11300, time=3.0, throughput=14
2020/06/02 22:18:20 thread 0: main loop, blockSize=4, writeRatio=0.2, randomRatio=0.0
2020/06/02 22:18:23 thread 0: count=11200, time=3.0, throughput=14
2020/06/02 22:18:23 thread 0: main loop, blockSize=4, writeRatio=0.2, randomRatio=0.0
2020/06/02 22:18:26 thread 0: count=11200, time=3.0, throughput=14
2020/06/02 22:18:26 thread 0: main loop, blockSize=4, writeRatio=0.2, randomRatio=0.0
2020/06/02 22:18:30 thread 0: count=11500, time=3.0, throughput=14
2020/06/02 22:18:30 thread 0: main loop, blockSize=4, writeRatio=0.2, randomRatio=0.0
2020/06/02 22:18:33 thread 0: count=11300, time=3.0, throughput=14
2020/06/02 22:18:33 thread 0: main loop, blockSize=4, writeRatio=0.4, randomRatio=0.0
2020/06/02 22:18:36 thread 0: count=6600, time=3.0, throughput=8
2020/06/02 22:18:36 thread 0: main loop, blockSize=4, writeRatio=0.4, randomRatio=0.0
2020/06/02 22:18:39 thread 0: count=6800, time=3.0, throughput=8
2020/06/02 22:18:39 thread 0: main loop, blockSize=4, writeRatio=0.4, randomRatio=0.0
2020/06/02 22:18:42 thread 0: count=6700, time=3.0, throughput=8
2020/06/02 22:18:42 thread 0: main loop, blockSize=4, writeRatio=0.4, randomRatio=0.0
2020/06/02 22:18:45 thread 0: count=6700, time=3.0, throughput=8
2020/06/02 22:18:45 thread 0: main loop, blockSize=4, writeRatio=0.4, randomRatio=0.0
2020/06/02 22:18:48 thread 0: count=6600, time=3.0, throughput=8
2020/06/02 22:18:48 thread 0: main loop, blockSize=4, writeRatio=0.5, randomRatio=0.0
2020/06/02 22:18:51 thread 0: count=5400, time=3.0, throughput=7
2020/06/02 22:18:51 thread 0: main loop, blockSize=4, writeRatio=0.5, randomRatio=0.0
2020/06/02 22:18:54 thread 0: count=5500, time=3.0, throughput=7
2020/06/02 22:18:54 thread 0: main loop, blockSize=4, writeRatio=0.5, randomRatio=0.0
2020/06/02 22:18:57 thread 0: count=5500, time=3.0, throughput=7
2020/06/02 22:18:57 thread 0: main loop, blockSize=4, writeRatio=0.5, randomRatio=0.0
2020/06/02 22:19:00 thread 0: count=5500, time=3.0, throughput=7
2020/06/02 22:19:00 thread 0: main loop, blockSize=4, writeRatio=0.5, randomRatio=0.0
2020/06/02 22:19:03 thread 0: count=5400, time=3.0, throughput=6
2020/06/02 22:19:03 thread 0: main loop, blockSize=4, writeRatio=0.6, randomRatio=0.0
2020/06/02 22:19:06 thread 0: count=4800, time=3.1, throughput=6
2020/06/02 22:19:06 thread 0: main loop, blockSize=4, writeRatio=0.6, randomRatio=0.0
2020/06/02 22:19:09 thread 0: count=4600, time=3.0, throughput=5
2020/06/02 22:19:09 thread 0: main loop, blockSize=4, writeRatio=0.6, randomRatio=0.0
2020/06/02 22:19:12 thread 0: count=4800, time=3.0, throughput=6
2020/06/02 22:19:12 thread 0: main loop, blockSize=4, writeRatio=0.6, randomRatio=0.0
2020/06/02 22:19:14 thread 0: count=4600, time=3.0, throughput=5
2020/06/02 22:19:14 thread 0: main loop, blockSize=4, writeRatio=0.6, randomRatio=0.0
2020/06/02 22:19:17 thread 0: count=4700, time=3.1, throughput=6
2020/06/02 22:19:17 thread 0: main loop, blockSize=4, writeRatio=0.8, randomRatio=0.0
2020/06/02 22:19:20 thread 0: count=3500, time=3.0, throughput=4
2020/06/02 22:19:20 thread 0: main loop, blockSize=4, writeRatio=0.8, randomRatio=0.0
2020/06/02 22:19:23 thread 0: count=3600, time=3.0, throughput=4
2020/06/02 22:19:23 thread 0: main loop, blockSize=4, writeRatio=0.8, randomRatio=0.0
2020/06/02 22:19:26 thread 0: count=3600, time=3.0, throughput=4
2020/06/02 22:19:26 thread 0: main loop, blockSize=4, writeRatio=0.8, randomRatio=0.0
2020/06/02 22:19:29 thread 0: count=3700, time=3.0, throughput=4
2020/06/02 22:19:29 thread 0: main loop, blockSize=4, writeRatio=0.8, randomRatio=0.0
2020/06/02 22:19:32 thread 0: count=3500, time=3.0, throughput=4
2020/06/02 22:19:32 thread 0: main loop, blockSize=4, writeRatio=1.0, randomRatio=0.0
2020/06/02 22:19:36 thread 0: count=3000, time=3.1, throughput=3
2020/06/02 22:19:36 thread 0: main loop, blockSize=4, writeRatio=1.0, randomRatio=0.0
2020/06/02 22:19:39 thread 0: count=2800, time=3.0, throughput=3
2020/06/02 22:19:39 thread 0: main loop, blockSize=4, writeRatio=1.0, randomRatio=0.0
2020/06/02 22:19:42 thread 0: count=3000, time=3.1, throughput=3
2020/06/02 22:19:42 thread 0: main loop, blockSize=4, writeRatio=1.0, randomRatio=0.0
2020/06/02 22:19:45 thread 0: count=2800, time=3.0, throughput=3
2020/06/02 22:19:45 thread 0: main loop, blockSize=4, writeRatio=1.0, randomRatio=0.0
2020/06/02 22:19:49 thread 0: count=2900, time=3.1, throughput=3
2020/06/02 22:19:49 thread 0: main loop, blockSize=4, writeRatio=0.0, randomRatio=0.5
2020/06/02 22:19:52 thread 0: count=33200, time=3.0, throughput=43
2020/06/02 22:19:52 thread 0: main loop, blockSize=4, writeRatio=0.0, randomRatio=0.5
2020/06/02 22:19:55 thread 0: count=33200, time=3.0, throughput=43
2020/06/02 22:19:55 thread 0: main loop, blockSize=4, writeRatio=0.0, randomRatio=0.5
2020/06/02 22:19:58 thread 0: count=33300, time=3.0, throughput=43
2020/06/02 22:19:58 thread 0: main loop, blockSize=4, writeRatio=0.0, randomRatio=0.5
2020/06/02 22:20:01 thread 0: count=33200, time=3.0, throughput=43
2020/06/02 22:20:01 thread 0: main loop, blockSize=4, writeRatio=0.0, randomRatio=0.5
2020/06/02 22:20:04 thread 0: count=33200, time=3.0, throughput=43
2020/06/02 22:20:04 thread 0: main loop, blockSize=4, writeRatio=0.2, randomRatio=0.5
2020/06/02 22:20:07 thread 0: count=10800, time=3.0, throughput=14
2020/06/02 22:20:07 thread 0: main loop, blockSize=4, writeRatio=0.2, randomRatio=0.5
2020/06/02 22:20:10 thread 0: count=11000, time=3.0, throughput=14
2020/06/02 22:20:10 thread 0: main loop, blockSize=4, writeRatio=0.2, randomRatio=0.5
2020/06/02 22:20:13 thread 0: count=11100, time=3.0, throughput=14
2020/06/02 22:20:13 thread 0: main loop, blockSize=4, writeRatio=0.2, randomRatio=0.5
2020/06/02 22:20:16 thread 0: count=10900, time=3.0, throughput=14
2020/06/02 22:20:16 thread 0: main loop, blockSize=4, writeRatio=0.2, randomRatio=0.5
2020/06/02 22:20:19 thread 0: count=10700, time=3.0, throughput=13
2020/06/02 22:20:19 thread 0: main loop, blockSize=4, writeRatio=0.4, randomRatio=0.5
2020/06/02 22:20:21 thread 0: count=6400, time=3.0, throughput=8
2020/06/02 22:20:21 thread 0: main loop, blockSize=4, writeRatio=0.4, randomRatio=0.5
2020/06/02 22:20:24 thread 0: count=6500, time=3.0, throughput=8
2020/06/02 22:20:24 thread 0: main loop, blockSize=4, writeRatio=0.4, randomRatio=0.5
2020/06/02 22:20:27 thread 0: count=6500, time=3.0, throughput=8
2020/06/02 22:20:27 thread 0: main loop, blockSize=4, writeRatio=0.4, randomRatio=0.5
2020/06/02 22:20:31 thread 0: count=6600, time=3.0, throughput=8
2020/06/02 22:20:31 thread 0: main loop, blockSize=4, writeRatio=0.4, randomRatio=0.5
2020/06/02 22:20:34 thread 0: count=6500, time=3.0, throughput=8
2020/06/02 22:20:34 thread 0: main loop, blockSize=4, writeRatio=0.5, randomRatio=0.5
2020/06/02 22:20:37 thread 0: count=5500, time=3.0, throughput=7
2020/06/02 22:20:37 thread 0: main loop, blockSize=4, writeRatio=0.5, randomRatio=0.5
2020/06/02 22:20:40 thread 0: count=5400, time=3.0, throughput=7
2020/06/02 22:20:40 thread 0: main loop, blockSize=4, writeRatio=0.5, randomRatio=0.5
2020/06/02 22:20:43 thread 0: count=5400, time=3.0, throughput=6
2020/06/02 22:20:43 thread 0: main loop, blockSize=4, writeRatio=0.5, randomRatio=0.5
2020/06/02 22:20:46 thread 0: count=5300, time=3.0, throughput=6
2020/06/02 22:20:46 thread 0: main loop, blockSize=4, writeRatio=0.5, randomRatio=0.5
2020/06/02 22:20:49 thread 0: count=5200, time=3.0, throughput=6
2020/06/02 22:20:49 thread 0: main loop, blockSize=4, writeRatio=0.6, randomRatio=0.5
2020/06/02 22:20:52 thread 0: count=4700, time=3.1, throughput=6
2020/06/02 22:20:52 thread 0: main loop, blockSize=4, writeRatio=0.6, randomRatio=0.5
2020/06/02 22:20:54 thread 0: count=4600, time=3.0, throughput=5
2020/06/02 22:20:54 thread 0: main loop, blockSize=4, writeRatio=0.6, randomRatio=0.5
2020/06/02 22:20:57 thread 0: count=4600, time=3.0, throughput=5
2020/06/02 22:20:57 thread 0: main loop, blockSize=4, writeRatio=0.6, randomRatio=0.5
2020/06/02 22:21:00 thread 0: count=4700, time=3.0, throughput=6
2020/06/02 22:21:00 thread 0: main loop, blockSize=4, writeRatio=0.6, randomRatio=0.5
2020/06/02 22:21:03 thread 0: count=4500, time=3.0, throughput=5
2020/06/02 22:21:03 thread 0: main loop, blockSize=4, writeRatio=0.8, randomRatio=0.5
2020/06/02 22:21:06 thread 0: count=3600, time=3.1, throughput=4
2020/06/02 22:21:06 thread 0: main loop, blockSize=4, writeRatio=0.8, randomRatio=0.5
2020/06/02 22:21:09 thread 0: count=3500, time=3.0, throughput=4
2020/06/02 22:21:09 thread 0: main loop, blockSize=4, writeRatio=0.8, randomRatio=0.5
2020/06/02 22:21:12 thread 0: count=3600, time=3.1, throughput=4
2020/06/02 22:21:12 thread 0: main loop, blockSize=4, writeRatio=0.8, randomRatio=0.5
2020/06/02 22:21:16 thread 0: count=3500, time=3.1, throughput=4
2020/06/02 22:21:16 thread 0: main loop, blockSize=4, writeRatio=0.8, randomRatio=0.5
2020/06/02 22:21:19 thread 0: count=1900, time=3.0, throughput=2
2020/06/02 22:21:19 thread 0: main loop, blockSize=4, writeRatio=1.0, randomRatio=0.5
2020/06/02 22:21:22 thread 0: count=1600, time=3.1, throughput=2
2020/06/02 22:21:22 thread 0: main loop, blockSize=4, writeRatio=1.0, randomRatio=0.5
2020/06/02 22:21:25 thread 0: count=2600, time=3.1, throughput=3
2020/06/02 22:21:25 thread 0: main loop, blockSize=4, writeRatio=1.0, randomRatio=0.5
2020/06/02 22:21:28 thread 0: count=2900, time=3.1, throughput=3
2020/06/02 22:21:28 thread 0: main loop, blockSize=4, writeRatio=1.0, randomRatio=0.5
2020/06/02 22:21:31 thread 0: count=2900, time=3.1, throughput=3
2020/06/02 22:21:31 thread 0: main loop, blockSize=4, writeRatio=1.0, randomRatio=0.5
2020/06/02 22:21:34 thread 0: count=2900, time=3.1, throughput=3
2020/06/02 22:21:34 thread 0: main loop, blockSize=4, writeRatio=0.0, randomRatio=1.0
2020/06/02 22:21:37 thread 0: count=36800, time=3.0, throughput=47
2020/06/02 22:21:37 thread 0: main loop, blockSize=4, writeRatio=0.0, randomRatio=1.0
2020/06/02 22:21:40 thread 0: count=36800, time=3.0, throughput=47
2020/06/02 22:21:40 thread 0: main loop, blockSize=4, writeRatio=0.0, randomRatio=1.0
2020/06/02 22:21:43 thread 0: count=36800, time=3.0, throughput=47
2020/06/02 22:21:43 thread 0: main loop, blockSize=4, writeRatio=0.0, randomRatio=1.0
2020/06/02 22:21:46 thread 0: count=36800, time=3.0, throughput=47
2020/06/02 22:21:46 thread 0: main loop, blockSize=4, writeRatio=0.0, randomRatio=1.0
2020/06/02 22:21:49 thread 0: count=36800, time=3.0, throughput=47
2020/06/02 22:21:49 thread 0: main loop, blockSize=4, writeRatio=0.2, randomRatio=1.0
2020/06/02 22:21:52 thread 0: count=11300, time=3.0, throughput=14
2020/06/02 22:21:52 thread 0: main loop, blockSize=4, writeRatio=0.2, randomRatio=1.0
2020/06/02 22:21:56 thread 0: count=11200, time=3.0, throughput=14
2020/06/02 22:21:56 thread 0: main loop, blockSize=4, writeRatio=0.2, randomRatio=1.0
2020/06/02 22:21:59 thread 0: count=11100, time=3.0, throughput=14
2020/06/02 22:21:59 thread 0: main loop, blockSize=4, writeRatio=0.2, randomRatio=1.0
2020/06/02 22:22:02 thread 0: count=11200, time=3.0, throughput=14
2020/06/02 22:22:02 thread 0: main loop, blockSize=4, writeRatio=0.2, randomRatio=1.0
2020/06/02 22:22:05 thread 0: count=11400, time=3.0, throughput=14
2020/06/02 22:22:05 thread 0: main loop, blockSize=4, writeRatio=0.4, randomRatio=1.0
2020/06/02 22:22:08 thread 0: count=6600, time=3.0, throughput=8
2020/06/02 22:22:08 thread 0: main loop, blockSize=4, writeRatio=0.4, randomRatio=1.0
2020/06/02 22:22:11 thread 0: count=6600, time=3.0, throughput=8
2020/06/02 22:22:11 thread 0: main loop, blockSize=4, writeRatio=0.4, randomRatio=1.0
2020/06/02 22:22:14 thread 0: count=6700, time=3.0, throughput=8
2020/06/02 22:22:14 thread 0: main loop, blockSize=4, writeRatio=0.4, randomRatio=1.0
2020/06/02 22:22:17 thread 0: count=6500, time=3.0, throughput=8
2020/06/02 22:22:17 thread 0: main loop, blockSize=4, writeRatio=0.4, randomRatio=1.0
2020/06/02 22:22:20 thread 0: count=6600, time=3.0, throughput=8
2020/06/02 22:22:20 thread 0: main loop, blockSize=4, writeRatio=0.5, randomRatio=1.0
2020/06/02 22:22:23 thread 0: count=5400, time=3.0, throughput=7
2020/06/02 22:22:23 thread 0: main loop, blockSize=4, writeRatio=0.5, randomRatio=1.0
2020/06/02 22:22:26 thread 0: count=5600, time=3.0, throughput=7
2020/06/02 22:22:26 thread 0: main loop, blockSize=4, writeRatio=0.5, randomRatio=1.0
2020/06/02 22:22:29 thread 0: count=5400, time=3.0, throughput=6
2020/06/02 22:22:29 thread 0: main loop, blockSize=4, writeRatio=0.5, randomRatio=1.0
2020/06/02 22:22:32 thread 0: count=5600, time=3.0, throughput=7
2020/06/02 22:22:32 thread 0: main loop, blockSize=4, writeRatio=0.5, randomRatio=1.0
2020/06/02 22:22:34 thread 0: count=5300, time=3.0, throughput=6
2020/06/02 22:22:34 thread 0: main loop, blockSize=4, writeRatio=0.6, randomRatio=1.0
2020/06/02 22:22:37 thread 0: count=4600, time=3.0, throughput=5
2020/06/02 22:22:37 thread 0: main loop, blockSize=4, writeRatio=0.6, randomRatio=1.0
2020/06/02 22:22:40 thread 0: count=4600, time=3.1, throughput=5
2020/06/02 22:22:40 thread 0: main loop, blockSize=4, writeRatio=0.6, randomRatio=1.0
2020/06/02 22:22:43 thread 0: count=4600, time=3.0, throughput=5
2020/06/02 22:22:43 thread 0: main loop, blockSize=4, writeRatio=0.6, randomRatio=1.0
2020/06/02 22:22:46 thread 0: count=4600, time=3.0, throughput=5
2020/06/02 22:22:46 thread 0: main loop, blockSize=4, writeRatio=0.6, randomRatio=1.0
2020/06/02 22:22:49 thread 0: count=4700, time=3.0, throughput=6
2020/06/02 22:22:49 thread 0: main loop, blockSize=4, writeRatio=0.8, randomRatio=1.0
2020/06/02 22:22:52 thread 0: count=3600, time=3.0, throughput=4
2020/06/02 22:22:52 thread 0: main loop, blockSize=4, writeRatio=0.8, randomRatio=1.0
2020/06/02 22:22:55 thread 0: count=3700, time=3.1, throughput=4
2020/06/02 22:22:55 thread 0: main loop, blockSize=4, writeRatio=0.8, randomRatio=1.0
2020/06/02 22:22:58 thread 0: count=3500, time=3.0, throughput=4
2020/06/02 22:22:58 thread 0: main loop, blockSize=4, writeRatio=0.8, randomRatio=1.0
2020/06/02 22:23:02 thread 0: count=3600, time=3.1, throughput=4
2020/06/02 22:23:02 thread 0: main loop, blockSize=4, writeRatio=0.8, randomRatio=1.0
2020/06/02 22:23:05 thread 0: count=3500, time=3.0, throughput=4
2020/06/02 22:23:05 thread 0: main loop, blockSize=4, writeRatio=1.0, randomRatio=1.0
2020/06/02 22:23:08 thread 0: count=2900, time=3.1, throughput=3
2020/06/02 22:23:08 thread 0: main loop, blockSize=4, writeRatio=1.0, randomRatio=1.0
2020/06/02 22:23:11 thread 0: count=2900, time=3.1, throughput=3
2020/06/02 22:23:11 thread 0: main loop, blockSize=4, writeRatio=1.0, randomRatio=1.0
2020/06/02 22:23:14 thread 0: count=2800, time=3.0, throughput=3
2020/06/02 22:23:14 thread 0: main loop, blockSize=4, writeRatio=1.0, randomRatio=1.0
2020/06/02 22:23:17 thread 0: count=2900, time=3.1, throughput=3
2020/06/02 22:23:17 thread 0: main loop, blockSize=4, writeRatio=1.0, randomRatio=1.0
2020/06/02 22:23:20 thread 0: count=1800, time=3.0, throughput=2
2020/06/02 22:23:20 thread 0: main loop, blockSize=8, writeRatio=0.0, randomRatio=0.0
2020/06/02 22:23:23 thread 0: count=120000, time=3.0, throughput=312
2020/06/02 22:23:23 thread 0: main loop, blockSize=8, writeRatio=0.0, randomRatio=0.0
2020/06/02 22:23:26 thread 0: count=118200, time=3.0, throughput=307
2020/06/02 22:23:26 thread 0: main loop, blockSize=8, writeRatio=0.0, randomRatio=0.0
2020/06/02 22:23:29 thread 0: count=118600, time=3.0, throughput=308
2020/06/02 22:23:29 thread 0: main loop, blockSize=8, writeRatio=0.0, randomRatio=0.0
2020/06/02 22:23:32 thread 0: count=118300, time=3.0, throughput=307
2020/06/02 22:23:32 thread 0: main loop, blockSize=8, writeRatio=0.0, randomRatio=0.0
2020/06/02 22:23:35 thread 0: count=116200, time=3.0, throughput=302
2020/06/02 22:23:35 thread 0: main loop, blockSize=8, writeRatio=0.2, randomRatio=0.0
2020/06/02 22:23:38 thread 0: count=5200, time=3.0, throughput=13
2020/06/02 22:23:38 thread 0: main loop, blockSize=8, writeRatio=0.2, randomRatio=0.0
2020/06/02 22:23:41 thread 0: count=4700, time=3.0, throughput=12
2020/06/02 22:23:41 thread 0: main loop, blockSize=8, writeRatio=0.2, randomRatio=0.0
2020/06/02 22:23:44 thread 0: count=4800, time=3.1, throughput=12
2020/06/02 22:23:44 thread 0: main loop, blockSize=8, writeRatio=0.2, randomRatio=0.0
2020/06/02 22:23:47 thread 0: count=4500, time=3.0, throughput=11
2020/06/02 22:23:47 thread 0: main loop, blockSize=8, writeRatio=0.2, randomRatio=0.0
2020/06/02 22:23:50 thread 0: count=4600, time=3.0, throughput=11
2020/06/02 22:23:50 thread 0: main loop, blockSize=8, writeRatio=0.4, randomRatio=0.0
2020/06/02 22:23:53 thread 0: count=3400, time=3.0, throughput=8
2020/06/02 22:23:53 thread 0: main loop, blockSize=8, writeRatio=0.4, randomRatio=0.0
2020/06/02 22:23:56 thread 0: count=3700, time=3.0, throughput=9
2020/06/02 22:23:56 thread 0: main loop, blockSize=8, writeRatio=0.4, randomRatio=0.0
2020/06/02 22:23:59 thread 0: count=2800, time=3.0, throughput=7
2020/06/02 22:23:59 thread 0: main loop, blockSize=8, writeRatio=0.4, randomRatio=0.0
2020/06/02 22:24:02 thread 0: count=3100, time=3.1, throughput=7
2020/06/02 22:24:02 thread 0: main loop, blockSize=8, writeRatio=0.4, randomRatio=0.0
2020/06/02 22:24:05 thread 0: count=2500, time=3.0, throughput=6
2020/06/02 22:24:05 thread 0: main loop, blockSize=8, writeRatio=0.5, randomRatio=0.0
2020/06/02 22:24:08 thread 0: count=2500, time=3.0, throughput=6
2020/06/02 22:24:08 thread 0: main loop, blockSize=8, writeRatio=0.5, randomRatio=0.0
2020/06/02 22:24:11 thread 0: count=2500, time=3.1, throughput=6
2020/06/02 22:24:11 thread 0: main loop, blockSize=8, writeRatio=0.5, randomRatio=0.0
2020/06/02 22:24:14 thread 0: count=2900, time=3.1, throughput=7
2020/06/02 22:24:14 thread 0: main loop, blockSize=8, writeRatio=0.5, randomRatio=0.0
2020/06/02 22:24:17 thread 0: count=2400, time=3.1, throughput=6
2020/06/02 22:24:17 thread 0: main loop, blockSize=8, writeRatio=0.5, randomRatio=0.0
2020/06/02 22:24:20 thread 0: count=1700, time=3.0, throughput=4
2020/06/02 22:24:20 thread 0: main loop, blockSize=8, writeRatio=0.6, randomRatio=0.0
2020/06/02 22:24:24 thread 0: count=1700, time=3.1, throughput=4
2020/06/02 22:24:24 thread 0: main loop, blockSize=8, writeRatio=0.6, randomRatio=0.0
2020/06/02 22:24:27 thread 0: count=1600, time=3.2, throughput=3
2020/06/02 22:24:27 thread 0: main loop, blockSize=8, writeRatio=0.6, randomRatio=0.0
2020/06/02 22:24:30 thread 0: count=1900, time=3.0, throughput=4
2020/06/02 22:24:30 thread 0: main loop, blockSize=8, writeRatio=0.6, randomRatio=0.0
2020/06/02 22:24:33 thread 0: count=1800, time=3.2, throughput=4
2020/06/02 22:24:33 thread 0: main loop, blockSize=8, writeRatio=0.6, randomRatio=0.0
2020/06/02 22:24:36 thread 0: count=1800, time=3.1, throughput=4
2020/06/02 22:24:36 thread 0: main loop, blockSize=8, writeRatio=0.8, randomRatio=0.0
2020/06/02 22:24:39 thread 0: count=1500, time=3.0, throughput=3
2020/06/02 22:24:39 thread 0: main loop, blockSize=8, writeRatio=0.8, randomRatio=0.0
2020/06/02 22:24:42 thread 0: count=1500, time=3.1, throughput=3
2020/06/02 22:24:42 thread 0: main loop, blockSize=8, writeRatio=0.8, randomRatio=0.0
2020/06/02 22:24:45 thread 0: count=2600, time=3.2, throughput=6
2020/06/02 22:24:45 thread 0: main loop, blockSize=8, writeRatio=0.8, randomRatio=0.0
2020/06/02 22:24:49 thread 0: count=1200, time=3.1, throughput=3
2020/06/02 22:24:49 thread 0: main loop, blockSize=8, writeRatio=0.8, randomRatio=0.0
2020/06/02 22:24:52 thread 0: count=1300, time=3.0, throughput=3
2020/06/02 22:24:52 thread 0: main loop, blockSize=8, writeRatio=1.0, randomRatio=0.0
2020/06/02 22:24:55 thread 0: count=1200, time=3.1, throughput=3
2020/06/02 22:24:55 thread 0: main loop, blockSize=8, writeRatio=1.0, randomRatio=0.0
2020/06/02 22:24:58 thread 0: count=2800, time=3.0, throughput=7
2020/06/02 22:24:58 thread 0: main loop, blockSize=8, writeRatio=1.0, randomRatio=0.0
2020/06/02 22:25:01 thread 0: count=1400, time=3.0, throughput=3
2020/06/02 22:25:01 thread 0: main loop, blockSize=8, writeRatio=1.0, randomRatio=0.0
2020/06/02 22:25:04 thread 0: count=1300, time=3.3, throughput=3
2020/06/02 22:25:04 thread 0: main loop, blockSize=8, writeRatio=1.0, randomRatio=0.0
2020/06/02 22:25:07 thread 0: count=1000, time=3.2, throughput=2
2020/06/02 22:25:07 thread 0: main loop, blockSize=8, writeRatio=0.0, randomRatio=0.5
2020/06/02 22:25:10 thread 0: count=31600, time=3.0, throughput=82
2020/06/02 22:25:10 thread 0: main loop, blockSize=8, writeRatio=0.0, randomRatio=0.5
2020/06/02 22:25:13 thread 0: count=31300, time=3.0, throughput=81
2020/06/02 22:25:13 thread 0: main loop, blockSize=8, writeRatio=0.0, randomRatio=0.5
2020/06/02 22:25:16 thread 0: count=31300, time=3.0, throughput=81
2020/06/02 22:25:16 thread 0: main loop, blockSize=8, writeRatio=0.0, randomRatio=0.5
2020/06/02 22:25:19 thread 0: count=31600, time=3.0, throughput=82
2020/06/02 22:25:19 thread 0: main loop, blockSize=8, writeRatio=0.0, randomRatio=0.5
2020/06/02 22:25:22 thread 0: count=31400, time=3.0, throughput=81
2020/06/02 22:25:22 thread 0: main loop, blockSize=8, writeRatio=0.2, randomRatio=0.5
2020/06/02 22:25:26 thread 0: count=4700, time=3.0, throughput=12
2020/06/02 22:25:26 thread 0: main loop, blockSize=8, writeRatio=0.2, randomRatio=0.5
2020/06/02 22:25:29 thread 0: count=5700, time=3.0, throughput=14
2020/06/02 22:25:29 thread 0: main loop, blockSize=8, writeRatio=0.2, randomRatio=0.5
2020/06/02 22:25:32 thread 0: count=5400, time=3.0, throughput=13
2020/06/02 22:25:32 thread 0: main loop, blockSize=8, writeRatio=0.2, randomRatio=0.5
2020/06/02 22:25:35 thread 0: count=4900, time=3.0, throughput=12
2020/06/02 22:25:35 thread 0: main loop, blockSize=8, writeRatio=0.2, randomRatio=0.5
2020/06/02 22:25:38 thread 0: count=4900, time=3.0, throughput=12
2020/06/02 22:25:38 thread 0: main loop, blockSize=8, writeRatio=0.4, randomRatio=0.5
2020/06/02 22:25:41 thread 0: count=2300, time=3.1, throughput=5
2020/06/02 22:25:41 thread 0: main loop, blockSize=8, writeRatio=0.4, randomRatio=0.5
2020/06/02 22:25:44 thread 0: count=3000, time=3.1, throughput=7
2020/06/02 22:25:44 thread 0: main loop, blockSize=8, writeRatio=0.4, randomRatio=0.5
2020/06/02 22:25:47 thread 0: count=3100, time=3.0, throughput=7
2020/06/02 22:25:47 thread 0: main loop, blockSize=8, writeRatio=0.4, randomRatio=0.5
2020/06/02 22:25:50 thread 0: count=3000, time=3.1, throughput=7
2020/06/02 22:25:50 thread 0: main loop, blockSize=8, writeRatio=0.4, randomRatio=0.5
2020/06/02 22:25:53 thread 0: count=3000, time=3.1, throughput=7
2020/06/02 22:25:53 thread 0: main loop, blockSize=8, writeRatio=0.5, randomRatio=0.5
2020/06/02 22:25:56 thread 0: count=2500, time=3.1, throughput=6
2020/06/02 22:25:56 thread 0: main loop, blockSize=8, writeRatio=0.5, randomRatio=0.5
2020/06/02 22:25:59 thread 0: count=3700, time=3.0, throughput=9
2020/06/02 22:25:59 thread 0: main loop, blockSize=8, writeRatio=0.5, randomRatio=0.5
2020/06/02 22:26:02 thread 0: count=2300, time=3.0, throughput=5
2020/06/02 22:26:02 thread 0: main loop, blockSize=8, writeRatio=0.5, randomRatio=0.5
2020/06/02 22:26:05 thread 0: count=2000, time=3.1, throughput=5
2020/06/02 22:26:05 thread 0: main loop, blockSize=8, writeRatio=0.5, randomRatio=0.5
2020/06/02 22:26:08 thread 0: count=1900, time=3.1, throughput=4
2020/06/02 22:26:08 thread 0: main loop, blockSize=8, writeRatio=0.6, randomRatio=0.5
2020/06/02 22:26:11 thread 0: count=1600, time=3.0, throughput=4
2020/06/02 22:26:11 thread 0: main loop, blockSize=8, writeRatio=0.6, randomRatio=0.5
2020/06/02 22:26:14 thread 0: count=1700, time=3.1, throughput=4
2020/06/02 22:26:14 thread 0: main loop, blockSize=8, writeRatio=0.6, randomRatio=0.5
2020/06/02 22:26:17 thread 0: count=2000, time=3.1, throughput=5
2020/06/02 22:26:17 thread 0: main loop, blockSize=8, writeRatio=0.6, randomRatio=0.5
2020/06/02 22:26:20 thread 0: count=1700, time=3.1, throughput=4
2020/06/02 22:26:20 thread 0: main loop, blockSize=8, writeRatio=0.6, randomRatio=0.5
2020/06/02 22:26:23 thread 0: count=1600, time=3.0, throughput=4
2020/06/02 22:26:23 thread 0: main loop, blockSize=8, writeRatio=0.8, randomRatio=0.5
2020/06/02 22:26:26 thread 0: count=1200, time=3.1, throughput=3
2020/06/02 22:26:26 thread 0: main loop, blockSize=8, writeRatio=0.8, randomRatio=0.5
2020/06/02 22:26:29 thread 0: count=1300, time=3.2, throughput=3
2020/06/02 22:26:29 thread 0: main loop, blockSize=8, writeRatio=0.8, randomRatio=0.5
2020/06/02 22:26:33 thread 0: count=1300, time=3.2, throughput=3
2020/06/02 22:26:33 thread 0: main loop, blockSize=8, writeRatio=0.8, randomRatio=0.5
2020/06/02 22:26:36 thread 0: count=1300, time=3.1, throughput=3
2020/06/02 22:26:36 thread 0: main loop, blockSize=8, writeRatio=0.8, randomRatio=0.5
2020/06/02 22:26:39 thread 0: count=1600, time=3.2, throughput=3
2020/06/02 22:26:39 thread 0: main loop, blockSize=8, writeRatio=1.0, randomRatio=0.5
2020/06/02 22:26:42 thread 0: count=1200, time=3.1, throughput=2
2020/06/02 22:26:42 thread 0: main loop, blockSize=8, writeRatio=1.0, randomRatio=0.5
2020/06/02 22:26:45 thread 0: count=1100, time=3.0, throughput=2
2020/06/02 22:26:45 thread 0: main loop, blockSize=8, writeRatio=1.0, randomRatio=0.5
2020/06/02 22:26:48 thread 0: count=1100, time=3.3, throughput=2
2020/06/02 22:26:48 thread 0: main loop, blockSize=8, writeRatio=1.0, randomRatio=0.5
2020/06/02 22:26:52 thread 0: count=1000, time=3.3, throughput=2
2020/06/02 22:26:52 thread 0: main loop, blockSize=8, writeRatio=1.0, randomRatio=0.5
2020/06/02 22:26:55 thread 0: count=1000, time=3.2, throughput=2
2020/06/02 22:26:55 thread 0: main loop, blockSize=8, writeRatio=0.0, randomRatio=1.0
2020/06/02 22:26:58 thread 0: count=35500, time=3.0, throughput=92
2020/06/02 22:26:58 thread 0: main loop, blockSize=8, writeRatio=0.0, randomRatio=1.0
2020/06/02 22:27:01 thread 0: count=35600, time=3.0, throughput=92
2020/06/02 22:27:01 thread 0: main loop, blockSize=8, writeRatio=0.0, randomRatio=1.0
2020/06/02 22:27:04 thread 0: count=35500, time=3.0, throughput=92
2020/06/02 22:27:04 thread 0: main loop, blockSize=8, writeRatio=0.0, randomRatio=1.0
2020/06/02 22:27:07 thread 0: count=35400, time=3.0, throughput=92
2020/06/02 22:27:07 thread 0: main loop, blockSize=8, writeRatio=0.0, randomRatio=1.0
2020/06/02 22:27:10 thread 0: count=35600, time=3.0, throughput=92
2020/06/02 22:27:10 thread 0: main loop, blockSize=8, writeRatio=0.2, randomRatio=1.0
2020/06/02 22:27:13 thread 0: count=4500, time=3.0, throughput=11
2020/06/02 22:27:13 thread 0: main loop, blockSize=8, writeRatio=0.2, randomRatio=1.0
2020/06/02 22:27:16 thread 0: count=4600, time=3.0, throughput=11
2020/06/02 22:27:16 thread 0: main loop, blockSize=8, writeRatio=0.2, randomRatio=1.0
2020/06/02 22:27:19 thread 0: count=4500, time=3.0, throughput=11
2020/06/02 22:27:19 thread 0: main loop, blockSize=8, writeRatio=0.2, randomRatio=1.0
2020/06/02 22:27:22 thread 0: count=4500, time=3.1, throughput=11
2020/06/02 22:27:22 thread 0: main loop, blockSize=8, writeRatio=0.2, randomRatio=1.0
2020/06/02 22:27:25 thread 0: count=4800, time=3.1, throughput=12
2020/06/02 22:27:25 thread 0: main loop, blockSize=8, writeRatio=0.4, randomRatio=1.0
2020/06/02 22:27:28 thread 0: count=2400, time=3.0, throughput=6
2020/06/02 22:27:28 thread 0: main loop, blockSize=8, writeRatio=0.4, randomRatio=1.0
2020/06/02 22:27:31 thread 0: count=2400, time=3.0, throughput=6
2020/06/02 22:27:31 thread 0: main loop, blockSize=8, writeRatio=0.4, randomRatio=1.0
2020/06/02 22:27:34 thread 0: count=2500, time=3.1, throughput=6
2020/06/02 22:27:34 thread 0: main loop, blockSize=8, writeRatio=0.4, randomRatio=1.0
2020/06/02 22:27:37 thread 0: count=2400, time=3.1, throughput=6
2020/06/02 22:27:37 thread 0: main loop, blockSize=8, writeRatio=0.4, randomRatio=1.0
2020/06/02 22:27:40 thread 0: count=2400, time=3.1, throughput=6
2020/06/02 22:27:40 thread 0: main loop, blockSize=8, writeRatio=0.5, randomRatio=1.0
2020/06/02 22:27:43 thread 0: count=1900, time=3.0, throughput=4
2020/06/02 22:27:43 thread 0: main loop, blockSize=8, writeRatio=0.5, randomRatio=1.0
2020/06/02 22:27:47 thread 0: count=2000, time=3.1, throughput=5
2020/06/02 22:27:47 thread 0: main loop, blockSize=8, writeRatio=0.5, randomRatio=1.0
2020/06/02 22:27:50 thread 0: count=2200, time=3.1, throughput=5
2020/06/02 22:27:50 thread 0: main loop, blockSize=8, writeRatio=0.5, randomRatio=1.0
2020/06/02 22:27:53 thread 0: count=2600, time=3.1, throughput=6
2020/06/02 22:27:53 thread 0: main loop, blockSize=8, writeRatio=0.5, randomRatio=1.0
2020/06/02 22:27:56 thread 0: count=2400, time=3.1, throughput=6
2020/06/02 22:27:56 thread 0: main loop, blockSize=8, writeRatio=0.6, randomRatio=1.0
2020/06/02 22:27:59 thread 0: count=2000, time=3.0, throughput=5
2020/06/02 22:27:59 thread 0: main loop, blockSize=8, writeRatio=0.6, randomRatio=1.0
2020/06/02 22:28:02 thread 0: count=2100, time=3.1, throughput=5
2020/06/02 22:28:02 thread 0: main loop, blockSize=8, writeRatio=0.6, randomRatio=1.0
2020/06/02 22:28:05 thread 0: count=2000, time=3.0, throughput=5
2020/06/02 22:28:05 thread 0: main loop, blockSize=8, writeRatio=0.6, randomRatio=1.0
2020/06/02 22:28:08 thread 0: count=1900, time=3.2, throughput=4
2020/06/02 22:28:08 thread 0: main loop, blockSize=8, writeRatio=0.6, randomRatio=1.0
2020/06/02 22:28:11 thread 0: count=1700, time=3.1, throughput=4
2020/06/02 22:28:11 thread 0: main loop, blockSize=8, writeRatio=0.8, randomRatio=1.0
2020/06/02 22:28:14 thread 0: count=1500, time=3.0, throughput=3
2020/06/02 22:28:14 thread 0: main loop, blockSize=8, writeRatio=0.8, randomRatio=1.0
2020/06/02 22:28:17 thread 0: count=1400, time=3.1, throughput=3
2020/06/02 22:28:17 thread 0: main loop, blockSize=8, writeRatio=0.8, randomRatio=1.0
2020/06/02 22:28:21 thread 0: count=1300, time=3.3, throughput=3
2020/06/02 22:28:21 thread 0: main loop, blockSize=8, writeRatio=0.8, randomRatio=1.0
2020/06/02 22:28:24 thread 0: count=1200, time=3.0, throughput=3
2020/06/02 22:28:24 thread 0: main loop, blockSize=8, writeRatio=0.8, randomRatio=1.0
2020/06/02 22:28:27 thread 0: count=1400, time=3.1, throughput=3
2020/06/02 22:28:27 thread 0: main loop, blockSize=8, writeRatio=1.0, randomRatio=1.0
2020/06/02 22:28:30 thread 0: count=1600, time=3.1, throughput=4
2020/06/02 22:28:30 thread 0: main loop, blockSize=8, writeRatio=1.0, randomRatio=1.0
2020/06/02 22:28:33 thread 0: count=1300, time=3.2, throughput=3
2020/06/02 22:28:33 thread 0: main loop, blockSize=8, writeRatio=1.0, randomRatio=1.0
2020/06/02 22:28:36 thread 0: count=1200, time=3.1, throughput=3
2020/06/02 22:28:36 thread 0: main loop, blockSize=8, writeRatio=1.0, randomRatio=1.0
2020/06/02 22:28:39 thread 0: count=1000, time=3.1, throughput=2
2020/06/02 22:28:39 thread 0: main loop, blockSize=8, writeRatio=1.0, randomRatio=1.0
2020/06/02 22:28:42 thread 0: count=1200, time=3.1, throughput=3
2020/06/02 22:28:42 thread 0: main loop, blockSize=128, writeRatio=0.0, randomRatio=0.0
2020/06/02 22:28:45 thread 0: count=40000, time=3.0, throughput=1662
2020/06/02 22:28:45 thread 0: main loop, blockSize=128, writeRatio=0.0, randomRatio=0.0
2020/06/02 22:28:48 thread 0: count=39000, time=3.0, throughput=1622
2020/06/02 22:28:48 thread 0: main loop, blockSize=128, writeRatio=0.0, randomRatio=0.0
2020/06/02 22:28:51 thread 0: count=39500, time=3.0, throughput=1645
2020/06/02 22:28:51 thread 0: main loop, blockSize=128, writeRatio=0.0, randomRatio=0.0
2020/06/02 22:28:55 thread 0: count=39400, time=3.0, throughput=1638
2020/06/02 22:28:55 thread 0: main loop, blockSize=128, writeRatio=0.0, randomRatio=0.0
2020/06/02 22:28:58 thread 0: count=39000, time=3.0, throughput=1621
2020/06/02 22:28:58 thread 0: main loop, blockSize=128, writeRatio=0.2, randomRatio=0.0
2020/06/02 22:29:01 thread 0: count=3700, time=3.1, throughput=150
2020/06/02 22:29:01 thread 0: main loop, blockSize=128, writeRatio=0.2, randomRatio=0.0
2020/06/02 22:29:04 thread 0: count=4300, time=3.0, throughput=179
2020/06/02 22:29:04 thread 0: main loop, blockSize=128, writeRatio=0.2, randomRatio=0.0
2020/06/02 22:29:07 thread 0: count=3900, time=3.1, throughput=159
2020/06/02 22:29:07 thread 0: main loop, blockSize=128, writeRatio=0.2, randomRatio=0.0
2020/06/02 22:29:10 thread 0: count=3600, time=3.0, throughput=148
2020/06/02 22:29:10 thread 0: main loop, blockSize=128, writeRatio=0.2, randomRatio=0.0
2020/06/02 22:29:13 thread 0: count=3900, time=3.0, throughput=159
2020/06/02 22:29:13 thread 0: main loop, blockSize=128, writeRatio=0.4, randomRatio=0.0
2020/06/02 22:29:16 thread 0: count=3300, time=3.0, throughput=137
2020/06/02 22:29:16 thread 0: main loop, blockSize=128, writeRatio=0.4, randomRatio=0.0
2020/06/02 22:29:19 thread 0: count=2100, time=3.1, throughput=84
2020/06/02 22:29:19 thread 0: main loop, blockSize=128, writeRatio=0.4, randomRatio=0.0
2020/06/02 22:29:22 thread 0: count=2200, time=3.0, throughput=90
2020/06/02 22:29:22 thread 0: main loop, blockSize=128, writeRatio=0.4, randomRatio=0.0
2020/06/02 22:29:25 thread 0: count=2200, time=3.1, throughput=87
2020/06/02 22:29:25 thread 0: main loop, blockSize=128, writeRatio=0.4, randomRatio=0.0
2020/06/02 22:29:28 thread 0: count=2100, time=3.1, throughput=84
2020/06/02 22:29:28 thread 0: main loop, blockSize=128, writeRatio=0.5, randomRatio=0.0
2020/06/02 22:29:31 thread 0: count=2300, time=3.1, throughput=91
2020/06/02 22:29:31 thread 0: main loop, blockSize=128, writeRatio=0.5, randomRatio=0.0
2020/06/02 22:29:35 thread 0: count=1800, time=3.1, throughput=71
2020/06/02 22:29:35 thread 0: main loop, blockSize=128, writeRatio=0.5, randomRatio=0.0
2020/06/02 22:29:38 thread 0: count=1700, time=3.1, throughput=69
2020/06/02 22:29:38 thread 0: main loop, blockSize=128, writeRatio=0.5, randomRatio=0.0
2020/06/02 22:29:41 thread 0: count=2000, time=3.1, throughput=80
2020/06/02 22:29:41 thread 0: main loop, blockSize=128, writeRatio=0.5, randomRatio=0.0
2020/06/02 22:29:44 thread 0: count=1700, time=3.0, throughput=70
2020/06/02 22:29:44 thread 0: main loop, blockSize=128, writeRatio=0.6, randomRatio=0.0
2020/06/02 22:29:47 thread 0: count=1400, time=3.1, throughput=56
2020/06/02 22:29:47 thread 0: main loop, blockSize=128, writeRatio=0.6, randomRatio=0.0
2020/06/02 22:29:50 thread 0: count=1500, time=3.1, throughput=61
2020/06/02 22:29:50 thread 0: main loop, blockSize=128, writeRatio=0.6, randomRatio=0.0
2020/06/02 22:29:53 thread 0: count=1500, time=3.0, throughput=61
2020/06/02 22:29:53 thread 0: main loop, blockSize=128, writeRatio=0.6, randomRatio=0.0
2020/06/02 22:29:56 thread 0: count=2500, time=3.1, throughput=102
2020/06/02 22:29:56 thread 0: main loop, blockSize=128, writeRatio=0.6, randomRatio=0.0
2020/06/02 22:29:59 thread 0: count=1800, time=3.1, throughput=72
2020/06/02 22:29:59 thread 0: main loop, blockSize=128, writeRatio=0.8, randomRatio=0.0
2020/06/02 22:30:02 thread 0: count=1100, time=3.1, throughput=44
2020/06/02 22:30:02 thread 0: main loop, blockSize=128, writeRatio=0.8, randomRatio=0.0
2020/06/02 22:30:05 thread 0: count=2000, time=3.1, throughput=80
2020/06/02 22:30:05 thread 0: main loop, blockSize=128, writeRatio=0.8, randomRatio=0.0
2020/06/02 22:30:08 thread 0: count=1700, time=3.2, throughput=66
2020/06/02 22:30:08 thread 0: main loop, blockSize=128, writeRatio=0.8, randomRatio=0.0
2020/06/02 22:30:11 thread 0: count=1100, time=3.0, throughput=45
2020/06/02 22:30:11 thread 0: main loop, blockSize=128, writeRatio=0.8, randomRatio=0.0
2020/06/02 22:30:15 thread 0: count=1200, time=3.2, throughput=46
2020/06/02 22:30:15 thread 0: main loop, blockSize=128, writeRatio=1.0, randomRatio=0.0
2020/06/02 22:30:18 thread 0: count=2000, time=3.1, throughput=81
2020/06/02 22:30:18 thread 0: main loop, blockSize=128, writeRatio=1.0, randomRatio=0.0
2020/06/02 22:30:21 thread 0: count=900, time=3.2, throughput=35
2020/06/02 22:30:21 thread 0: main loop, blockSize=128, writeRatio=1.0, randomRatio=0.0
2020/06/02 22:30:24 thread 0: count=1100, time=3.1, throughput=44
2020/06/02 22:30:24 thread 0: main loop, blockSize=128, writeRatio=1.0, randomRatio=0.0
2020/06/02 22:30:27 thread 0: count=900, time=3.0, throughput=37
2020/06/02 22:30:27 thread 0: main loop, blockSize=128, writeRatio=1.0, randomRatio=0.0
2020/06/02 22:30:30 thread 0: count=900, time=3.1, throughput=36
2020/06/02 22:30:30 thread 0: main loop, blockSize=128, writeRatio=0.0, randomRatio=0.5
2020/06/02 22:30:33 thread 0: count=16500, time=3.0, throughput=685
2020/06/02 22:30:33 thread 0: main loop, blockSize=128, writeRatio=0.0, randomRatio=0.5
2020/06/02 22:30:36 thread 0: count=16800, time=3.0, throughput=698
2020/06/02 22:30:36 thread 0: main loop, blockSize=128, writeRatio=0.0, randomRatio=0.5
2020/06/02 22:30:39 thread 0: count=17000, time=3.0, throughput=707
2020/06/02 22:30:39 thread 0: main loop, blockSize=128, writeRatio=0.0, randomRatio=0.5
2020/06/02 22:30:42 thread 0: count=16900, time=3.0, throughput=701
2020/06/02 22:30:42 thread 0: main loop, blockSize=128, writeRatio=0.0, randomRatio=0.5
2020/06/02 22:30:45 thread 0: count=16800, time=3.0, throughput=699
2020/06/02 22:30:45 thread 0: main loop, blockSize=128, writeRatio=0.2, randomRatio=0.5
2020/06/02 22:30:48 thread 0: count=3800, time=3.0, throughput=156
2020/06/02 22:30:48 thread 0: main loop, blockSize=128, writeRatio=0.2, randomRatio=0.5
2020/06/02 22:30:51 thread 0: count=5200, time=3.1, throughput=212
2020/06/02 22:30:51 thread 0: main loop, blockSize=128, writeRatio=0.2, randomRatio=0.5
2020/06/02 22:30:54 thread 0: count=3800, time=3.1, throughput=153
2020/06/02 22:30:54 thread 0: main loop, blockSize=128, writeRatio=0.2, randomRatio=0.5
2020/06/02 22:30:57 thread 0: count=3800, time=3.0, throughput=156
2020/06/02 22:30:57 thread 0: main loop, blockSize=128, writeRatio=0.2, randomRatio=0.5
2020/06/02 22:31:00 thread 0: count=3700, time=3.0, throughput=153
2020/06/02 22:31:00 thread 0: main loop, blockSize=128, writeRatio=0.4, randomRatio=0.5
2020/06/02 22:31:04 thread 0: count=2100, time=3.1, throughput=84
2020/06/02 22:31:04 thread 0: main loop, blockSize=128, writeRatio=0.4, randomRatio=0.5
2020/06/02 22:31:07 thread 0: count=2200, time=3.1, throughput=88
2020/06/02 22:31:07 thread 0: main loop, blockSize=128, writeRatio=0.4, randomRatio=0.5
2020/06/02 22:31:10 thread 0: count=2000, time=3.1, throughput=79
2020/06/02 22:31:10 thread 0: main loop, blockSize=128, writeRatio=0.4, randomRatio=0.5
2020/06/02 22:31:13 thread 0: count=2100, time=3.1, throughput=85
2020/06/02 22:31:13 thread 0: main loop, blockSize=128, writeRatio=0.4, randomRatio=0.5
2020/06/02 22:31:16 thread 0: count=2600, time=3.0, throughput=107
2020/06/02 22:31:16 thread 0: main loop, blockSize=128, writeRatio=0.5, randomRatio=0.5
2020/06/02 22:31:19 thread 0: count=1900, time=3.0, throughput=78
2020/06/02 22:31:19 thread 0: main loop, blockSize=128, writeRatio=0.5, randomRatio=0.5
2020/06/02 22:31:22 thread 0: count=1600, time=3.0, throughput=66
2020/06/02 22:31:22 thread 0: main loop, blockSize=128, writeRatio=0.5, randomRatio=0.5
2020/06/02 22:31:25 thread 0: count=1700, time=3.1, throughput=68
2020/06/02 22:31:25 thread 0: main loop, blockSize=128, writeRatio=0.5, randomRatio=0.5
2020/06/02 22:31:28 thread 0: count=1700, time=3.1, throughput=68
2020/06/02 22:31:28 thread 0: main loop, blockSize=128, writeRatio=0.5, randomRatio=0.5
2020/06/02 22:31:31 thread 0: count=1800, time=3.2, throughput=71
2020/06/02 22:31:31 thread 0: main loop, blockSize=128, writeRatio=0.6, randomRatio=0.5
2020/06/02 22:31:34 thread 0: count=1500, time=3.2, throughput=59
2020/06/02 22:31:34 thread 0: main loop, blockSize=128, writeRatio=0.6, randomRatio=0.5
2020/06/02 22:31:37 thread 0: count=1400, time=3.0, throughput=57
2020/06/02 22:31:37 thread 0: main loop, blockSize=128, writeRatio=0.6, randomRatio=0.5
2020/06/02 22:31:41 thread 0: count=1500, time=3.2, throughput=57
2020/06/02 22:31:41 thread 0: main loop, blockSize=128, writeRatio=0.6, randomRatio=0.5
2020/06/02 22:31:45 thread 0: count=1400, time=3.2, throughput=55
2020/06/02 22:31:45 thread 0: main loop, blockSize=128, writeRatio=0.6, randomRatio=0.5
2020/06/02 22:31:48 thread 0: count=1400, time=3.2, throughput=54
2020/06/02 22:31:48 thread 0: main loop, blockSize=128, writeRatio=0.8, randomRatio=0.5
2020/06/02 22:31:51 thread 0: count=1100, time=3.0, throughput=45
2020/06/02 22:31:51 thread 0: main loop, blockSize=128, writeRatio=0.8, randomRatio=0.5
2020/06/02 22:31:54 thread 0: count=1200, time=3.2, throughput=46
2020/06/02 22:31:54 thread 0: main loop, blockSize=128, writeRatio=0.8, randomRatio=0.5
2020/06/02 22:31:57 thread 0: count=1200, time=3.3, throughput=45
2020/06/02 22:31:57 thread 0: main loop, blockSize=128, writeRatio=0.8, randomRatio=0.5
2020/06/02 22:32:01 thread 0: count=1200, time=3.1, throughput=48
2020/06/02 22:32:01 thread 0: main loop, blockSize=128, writeRatio=0.8, randomRatio=0.5
2020/06/02 22:32:04 thread 0: count=1200, time=3.2, throughput=47
2020/06/02 22:32:04 thread 0: main loop, blockSize=128, writeRatio=1.0, randomRatio=0.5
2020/06/02 22:32:07 thread 0: count=1300, time=3.3, throughput=49
2020/06/02 22:32:07 thread 0: main loop, blockSize=128, writeRatio=1.0, randomRatio=0.5
2020/06/02 22:32:10 thread 0: count=900, time=3.1, throughput=35
2020/06/02 22:32:10 thread 0: main loop, blockSize=128, writeRatio=1.0, randomRatio=0.5
2020/06/02 22:32:13 thread 0: count=1000, time=3.3, throughput=38
2020/06/02 22:32:13 thread 0: main loop, blockSize=128, writeRatio=1.0, randomRatio=0.5
2020/06/02 22:32:16 thread 0: count=1000, time=3.1, throughput=40
2020/06/02 22:32:16 thread 0: main loop, blockSize=128, writeRatio=1.0, randomRatio=0.5
2020/06/02 22:32:19 thread 0: count=900, time=3.1, throughput=36
2020/06/02 22:32:19 thread 0: main loop, blockSize=128, writeRatio=0.0, randomRatio=1.0
2020/06/02 22:32:22 thread 0: count=10700, time=3.0, throughput=445
2020/06/02 22:32:22 thread 0: main loop, blockSize=128, writeRatio=0.0, randomRatio=1.0
2020/06/02 22:32:26 thread 0: count=10800, time=3.0, throughput=446
2020/06/02 22:32:26 thread 0: main loop, blockSize=128, writeRatio=0.0, randomRatio=1.0
2020/06/02 22:32:29 thread 0: count=10800, time=3.0, throughput=445
2020/06/02 22:32:29 thread 0: main loop, blockSize=128, writeRatio=0.0, randomRatio=1.0
2020/06/02 22:32:32 thread 0: count=10800, time=3.0, throughput=449
2020/06/02 22:32:32 thread 0: main loop, blockSize=128, writeRatio=0.0, randomRatio=1.0
2020/06/02 22:32:35 thread 0: count=10800, time=3.0, throughput=449
2020/06/02 22:32:35 thread 0: main loop, blockSize=128, writeRatio=0.2, randomRatio=1.0
2020/06/02 22:32:38 thread 0: count=3300, time=3.1, throughput=134
2020/06/02 22:32:38 thread 0: main loop, blockSize=128, writeRatio=0.2, randomRatio=1.0
2020/06/02 22:32:41 thread 0: count=3300, time=3.0, throughput=136
2020/06/02 22:32:41 thread 0: main loop, blockSize=128, writeRatio=0.2, randomRatio=1.0
2020/06/02 22:32:44 thread 0: count=3300, time=3.0, throughput=137
2020/06/02 22:32:44 thread 0: main loop, blockSize=128, writeRatio=0.2, randomRatio=1.0
2020/06/02 22:32:47 thread 0: count=3500, time=3.1, throughput=141
2020/06/02 22:32:47 thread 0: main loop, blockSize=128, writeRatio=0.2, randomRatio=1.0
2020/06/02 22:32:50 thread 0: count=3200, time=3.0, throughput=132
2020/06/02 22:32:50 thread 0: main loop, blockSize=128, writeRatio=0.4, randomRatio=1.0
2020/06/02 22:32:53 thread 0: count=1900, time=3.0, throughput=78
2020/06/02 22:32:53 thread 0: main loop, blockSize=128, writeRatio=0.4, randomRatio=1.0
2020/06/02 22:32:56 thread 0: count=2100, time=3.1, throughput=84
2020/06/02 22:32:56 thread 0: main loop, blockSize=128, writeRatio=0.4, randomRatio=1.0
2020/06/02 22:32:59 thread 0: count=2000, time=3.0, throughput=82
2020/06/02 22:32:59 thread 0: main loop, blockSize=128, writeRatio=0.4, randomRatio=1.0
2020/06/02 22:33:02 thread 0: count=2100, time=3.0, throughput=86
2020/06/02 22:33:02 thread 0: main loop, blockSize=128, writeRatio=0.4, randomRatio=1.0
2020/06/02 22:33:05 thread 0: count=2000, time=3.0, throughput=82
2020/06/02 22:33:05 thread 0: main loop, blockSize=128, writeRatio=0.5, randomRatio=1.0
2020/06/02 22:33:08 thread 0: count=1600, time=3.1, throughput=65
2020/06/02 22:33:08 thread 0: main loop, blockSize=128, writeRatio=0.5, randomRatio=1.0
2020/06/02 22:33:11 thread 0: count=1700, time=3.1, throughput=69
2020/06/02 22:33:11 thread 0: main loop, blockSize=128, writeRatio=0.5, randomRatio=1.0
2020/06/02 22:33:14 thread 0: count=3900, time=3.2, throughput=153
2020/06/02 22:33:14 thread 0: main loop, blockSize=128, writeRatio=0.5, randomRatio=1.0
2020/06/02 22:33:17 thread 0: count=1800, time=3.2, throughput=71
2020/06/02 22:33:17 thread 0: main loop, blockSize=128, writeRatio=0.5, randomRatio=1.0
2020/06/02 22:33:20 thread 0: count=2300, time=3.0, throughput=95
2020/06/02 22:33:20 thread 0: main loop, blockSize=128, writeRatio=0.6, randomRatio=1.0
2020/06/02 22:33:23 thread 0: count=1400, time=3.0, throughput=57
2020/06/02 22:33:23 thread 0: main loop, blockSize=128, writeRatio=0.6, randomRatio=1.0
2020/06/02 22:33:27 thread 0: count=1400, time=3.1, throughput=55
2020/06/02 22:33:27 thread 0: main loop, blockSize=128, writeRatio=0.6, randomRatio=1.0
2020/06/02 22:33:30 thread 0: count=2100, time=3.2, throughput=81
2020/06/02 22:33:30 thread 0: main loop, blockSize=128, writeRatio=0.6, randomRatio=1.0
2020/06/02 22:33:33 thread 0: count=1700, time=3.0, throughput=70
2020/06/02 22:33:33 thread 0: main loop, blockSize=128, writeRatio=0.6, randomRatio=1.0
2020/06/02 22:33:36 thread 0: count=2500, time=3.0, throughput=104
2020/06/02 22:33:36 thread 0: main loop, blockSize=128, writeRatio=0.8, randomRatio=1.0
2020/06/02 22:33:39 thread 0: count=1100, time=3.1, throughput=44
2020/06/02 22:33:39 thread 0: main loop, blockSize=128, writeRatio=0.8, randomRatio=1.0
2020/06/02 22:33:42 thread 0: count=1100, time=3.0, throughput=45
2020/06/02 22:33:42 thread 0: main loop, blockSize=128, writeRatio=0.8, randomRatio=1.0
2020/06/02 22:33:45 thread 0: count=1100, time=3.0, throughput=45
2020/06/02 22:33:45 thread 0: main loop, blockSize=128, writeRatio=0.8, randomRatio=1.0
2020/06/02 22:33:48 thread 0: count=1400, time=3.1, throughput=57
2020/06/02 22:33:48 thread 0: main loop, blockSize=128, writeRatio=0.8, randomRatio=1.0
2020/06/02 22:33:51 thread 0: count=1300, time=3.2, throughput=50
2020/06/02 22:33:51 thread 0: main loop, blockSize=128, writeRatio=1.0, randomRatio=1.0
2020/06/02 22:33:55 thread 0: count=1000, time=3.3, throughput=37
2020/06/02 22:33:55 thread 0: main loop, blockSize=128, writeRatio=1.0, randomRatio=1.0
2020/06/02 22:33:58 thread 0: count=1600, time=3.0, throughput=66
2020/06/02 22:33:58 thread 0: main loop, blockSize=128, writeRatio=1.0, randomRatio=1.0
2020/06/02 22:34:01 thread 0: count=1200, time=3.3, throughput=45
2020/06/02 22:34:01 thread 0: main loop, blockSize=128, writeRatio=1.0, randomRatio=1.0
2020/06/02 22:34:04 thread 0: count=900, time=3.2, throughput=35
2020/06/02 22:34:04 thread 0: main loop, blockSize=128, writeRatio=1.0, randomRatio=1.0
2020/06/02 22:34:07 thread 0: count=900, time=3.1, throughput=36
2020/06/02 22:34:07 thread 0: main loop, blockSize=256, writeRatio=0.0, randomRatio=0.0
2020/06/02 22:34:10 thread 0: count=23600, time=3.0, throughput=1966
2020/06/02 22:34:10 thread 0: main loop, blockSize=256, writeRatio=0.0, randomRatio=0.0
2020/06/02 22:34:13 thread 0: count=23600, time=3.0, throughput=1962
2020/06/02 22:34:13 thread 0: main loop, blockSize=256, writeRatio=0.0, randomRatio=0.0
2020/06/02 22:34:16 thread 0: count=23700, time=3.0, throughput=1973
2020/06/02 22:34:16 thread 0: main loop, blockSize=256, writeRatio=0.0, randomRatio=0.0
2020/06/02 22:34:19 thread 0: count=24100, time=3.0, throughput=2007
2020/06/02 22:34:19 thread 0: main loop, blockSize=256, writeRatio=0.0, randomRatio=0.0
2020/06/02 22:34:22 thread 0: count=23900, time=3.0, throughput=1986
2020/06/02 22:34:22 thread 0: main loop, blockSize=256, writeRatio=0.2, randomRatio=0.0
2020/06/02 22:34:25 thread 0: count=4300, time=3.0, throughput=356
2020/06/02 22:34:25 thread 0: main loop, blockSize=256, writeRatio=0.2, randomRatio=0.0
2020/06/02 22:34:28 thread 0: count=2900, time=3.1, throughput=236
2020/06/02 22:34:28 thread 0: main loop, blockSize=256, writeRatio=0.2, randomRatio=0.0
2020/06/02 22:34:31 thread 0: count=4500, time=3.1, throughput=364
2020/06/02 22:34:31 thread 0: main loop, blockSize=256, writeRatio=0.2, randomRatio=0.0
2020/06/02 22:34:34 thread 0: count=3000, time=3.1, throughput=244
2020/06/02 22:34:34 thread 0: main loop, blockSize=256, writeRatio=0.2, randomRatio=0.0
2020/06/02 22:34:37 thread 0: count=3700, time=3.1, throughput=302
2020/06/02 22:34:37 thread 0: main loop, blockSize=256, writeRatio=0.4, randomRatio=0.0
2020/06/02 22:34:41 thread 0: count=2400, time=3.2, throughput=189
2020/06/02 22:34:41 thread 0: main loop, blockSize=256, writeRatio=0.4, randomRatio=0.0
2020/06/02 22:34:44 thread 0: count=2700, time=3.1, throughput=214
2020/06/02 22:34:44 thread 0: main loop, blockSize=256, writeRatio=0.4, randomRatio=0.0
2020/06/02 22:34:47 thread 0: count=1600, time=3.1, throughput=128
2020/06/02 22:34:47 thread 0: main loop, blockSize=256, writeRatio=0.4, randomRatio=0.0
2020/06/02 22:34:50 thread 0: count=1700, time=3.0, throughput=140
2020/06/02 22:34:50 thread 0: main loop, blockSize=256, writeRatio=0.4, randomRatio=0.0
2020/06/02 22:34:53 thread 0: count=1800, time=3.1, throughput=144
2020/06/02 22:34:53 thread 0: main loop, blockSize=256, writeRatio=0.5, randomRatio=0.0
2020/06/02 22:34:56 thread 0: count=1300, time=3.2, throughput=102
2020/06/02 22:34:56 thread 0: main loop, blockSize=256, writeRatio=0.5, randomRatio=0.0
2020/06/02 22:34:59 thread 0: count=1500, time=3.1, throughput=122
2020/06/02 22:34:59 thread 0: main loop, blockSize=256, writeRatio=0.5, randomRatio=0.0
2020/06/02 22:35:02 thread 0: count=1200, time=3.1, throughput=95
2020/06/02 22:35:02 thread 0: main loop, blockSize=256, writeRatio=0.5, randomRatio=0.0
2020/06/02 22:35:06 thread 0: count=1300, time=3.2, throughput=101
2020/06/02 22:35:06 thread 0: main loop, blockSize=256, writeRatio=0.5, randomRatio=0.0
2020/06/02 22:35:09 thread 0: count=1300, time=3.1, throughput=103
2020/06/02 22:35:09 thread 0: main loop, blockSize=256, writeRatio=0.6, randomRatio=0.0
2020/06/02 22:35:12 thread 0: count=1000, time=3.2, throughput=77
2020/06/02 22:35:12 thread 0: main loop, blockSize=256, writeRatio=0.6, randomRatio=0.0
2020/06/02 22:35:15 thread 0: count=900, time=3.1, throughput=73
2020/06/02 22:35:15 thread 0: main loop, blockSize=256, writeRatio=0.6, randomRatio=0.0
2020/06/02 22:35:18 thread 0: count=900, time=3.2, throughput=71
2020/06/02 22:35:18 thread 0: main loop, blockSize=256, writeRatio=0.6, randomRatio=0.0
2020/06/02 22:35:21 thread 0: count=1100, time=3.1, throughput=88
2020/06/02 22:35:21 thread 0: main loop, blockSize=256, writeRatio=0.6, randomRatio=0.0
2020/06/02 22:35:24 thread 0: count=1000, time=3.3, throughput=76
2020/06/02 22:35:24 thread 0: main loop, blockSize=256, writeRatio=0.8, randomRatio=0.0
2020/06/02 22:35:28 thread 0: count=800, time=3.2, throughput=61
2020/06/02 22:35:28 thread 0: main loop, blockSize=256, writeRatio=0.8, randomRatio=0.0
2020/06/02 22:35:31 thread 0: count=1000, time=3.2, throughput=79
2020/06/02 22:35:31 thread 0: main loop, blockSize=256, writeRatio=0.8, randomRatio=0.0
2020/06/02 22:35:34 thread 0: count=800, time=3.3, throughput=60
2020/06/02 22:35:34 thread 0: main loop, blockSize=256, writeRatio=0.8, randomRatio=0.0
2020/06/02 22:35:37 thread 0: count=800, time=3.2, throughput=61
2020/06/02 22:35:37 thread 0: main loop, blockSize=256, writeRatio=0.8, randomRatio=0.0
2020/06/02 22:35:40 thread 0: count=800, time=3.0, throughput=65
2020/06/02 22:35:40 thread 0: main loop, blockSize=256, writeRatio=1.0, randomRatio=0.0
2020/06/02 22:35:44 thread 0: count=700, time=3.3, throughput=52
2020/06/02 22:35:44 thread 0: main loop, blockSize=256, writeRatio=1.0, randomRatio=0.0
2020/06/02 22:35:47 thread 0: count=600, time=3.2, throughput=46
2020/06/02 22:35:47 thread 0: main loop, blockSize=256, writeRatio=1.0, randomRatio=0.0
2020/06/02 22:35:50 thread 0: count=800, time=3.1, throughput=64
2020/06/02 22:35:50 thread 0: main loop, blockSize=256, writeRatio=1.0, randomRatio=0.0
2020/06/02 22:35:54 thread 0: count=800, time=3.6, throughput=55
2020/06/02 22:35:54 thread 0: main loop, blockSize=256, writeRatio=1.0, randomRatio=0.0
2020/06/02 22:35:57 thread 0: count=600, time=3.0, throughput=49
2020/06/02 22:35:57 thread 0: main loop, blockSize=256, writeRatio=0.0, randomRatio=0.5
2020/06/02 22:36:00 thread 0: count=13200, time=3.0, throughput=1094
2020/06/02 22:36:00 thread 0: main loop, blockSize=256, writeRatio=0.0, randomRatio=0.5
2020/06/02 22:36:03 thread 0: count=13300, time=3.0, throughput=1100
2020/06/02 22:36:03 thread 0: main loop, blockSize=256, writeRatio=0.0, randomRatio=0.5
2020/06/02 22:36:06 thread 0: count=13200, time=3.0, throughput=1095
2020/06/02 22:36:06 thread 0: main loop, blockSize=256, writeRatio=0.0, randomRatio=0.5
2020/06/02 22:36:09 thread 0: count=13200, time=3.0, throughput=1097
2020/06/02 22:36:09 thread 0: main loop, blockSize=256, writeRatio=0.0, randomRatio=0.5
2020/06/02 22:36:12 thread 0: count=13200, time=3.0, throughput=1098
2020/06/02 22:36:12 thread 0: main loop, blockSize=256, writeRatio=0.2, randomRatio=0.5
2020/06/02 22:36:15 thread 0: count=2700, time=3.1, throughput=221
2020/06/02 22:36:15 thread 0: main loop, blockSize=256, writeRatio=0.2, randomRatio=0.5
2020/06/02 22:36:18 thread 0: count=2700, time=3.1, throughput=219
2020/06/02 22:36:18 thread 0: main loop, blockSize=256, writeRatio=0.2, randomRatio=0.5
2020/06/02 22:36:21 thread 0: count=3100, time=3.0, throughput=255
2020/06/02 22:36:21 thread 0: main loop, blockSize=256, writeRatio=0.2, randomRatio=0.5
2020/06/02 22:36:24 thread 0: count=2800, time=3.1, throughput=227
2020/06/02 22:36:24 thread 0: main loop, blockSize=256, writeRatio=0.2, randomRatio=0.5
2020/06/02 22:36:27 thread 0: count=3100, time=3.1, throughput=251
2020/06/02 22:36:27 thread 0: main loop, blockSize=256, writeRatio=0.4, randomRatio=0.5
2020/06/02 22:36:30 thread 0: count=2100, time=3.1, throughput=169
2020/06/02 22:36:30 thread 0: main loop, blockSize=256, writeRatio=0.4, randomRatio=0.5
2020/06/02 22:36:33 thread 0: count=1500, time=3.2, throughput=118
2020/06/02 22:36:33 thread 0: main loop, blockSize=256, writeRatio=0.4, randomRatio=0.5
2020/06/02 22:36:37 thread 0: count=1900, time=3.1, throughput=150
2020/06/02 22:36:37 thread 0: main loop, blockSize=256, writeRatio=0.4, randomRatio=0.5
2020/06/02 22:36:40 thread 0: count=1500, time=3.1, throughput=122
2020/06/02 22:36:40 thread 0: main loop, blockSize=256, writeRatio=0.4, randomRatio=0.5
2020/06/02 22:36:43 thread 0: count=1600, time=3.1, throughput=127
2020/06/02 22:36:43 thread 0: main loop, blockSize=256, writeRatio=0.5, randomRatio=0.5
2020/06/02 22:36:46 thread 0: count=1300, time=3.2, throughput=101
2020/06/02 22:36:46 thread 0: main loop, blockSize=256, writeRatio=0.5, randomRatio=0.5
2020/06/02 22:36:49 thread 0: count=1300, time=3.1, throughput=103
2020/06/02 22:36:49 thread 0: main loop, blockSize=256, writeRatio=0.5, randomRatio=0.5
2020/06/02 22:36:52 thread 0: count=1100, time=3.0, throughput=91
2020/06/02 22:36:52 thread 0: main loop, blockSize=256, writeRatio=0.5, randomRatio=0.5
2020/06/02 22:36:55 thread 0: count=1300, time=3.2, throughput=101
2020/06/02 22:36:55 thread 0: main loop, blockSize=256, writeRatio=0.5, randomRatio=0.5
2020/06/02 22:36:59 thread 0: count=1200, time=3.2, throughput=93
2020/06/02 22:36:59 thread 0: main loop, blockSize=256, writeRatio=0.6, randomRatio=0.5
2020/06/02 22:37:02 thread 0: count=1100, time=3.3, throughput=82
2020/06/02 22:37:02 thread 0: main loop, blockSize=256, writeRatio=0.6, randomRatio=0.5
2020/06/02 22:37:05 thread 0: count=1000, time=3.3, throughput=76
2020/06/02 22:37:05 thread 0: main loop, blockSize=256, writeRatio=0.6, randomRatio=0.5
2020/06/02 22:37:08 thread 0: count=1100, time=3.2, throughput=85
2020/06/02 22:37:08 thread 0: main loop, blockSize=256, writeRatio=0.6, randomRatio=0.5
2020/06/02 22:37:11 thread 0: count=1200, time=3.1, throughput=96
2020/06/02 22:37:11 thread 0: main loop, blockSize=256, writeRatio=0.6, randomRatio=0.5
2020/06/02 22:37:15 thread 0: count=1100, time=3.3, throughput=84
2020/06/02 22:37:15 thread 0: main loop, blockSize=256, writeRatio=0.8, randomRatio=0.5
2020/06/02 22:37:18 thread 0: count=700, time=3.1, throughput=56
2020/06/02 22:37:18 thread 0: main loop, blockSize=256, writeRatio=0.8, randomRatio=0.5
2020/06/02 22:37:21 thread 0: count=800, time=3.3, throughput=60
2020/06/02 22:37:21 thread 0: main loop, blockSize=256, writeRatio=0.8, randomRatio=0.5
2020/06/02 22:37:24 thread 0: count=800, time=3.2, throughput=62
2020/06/02 22:37:24 thread 0: main loop, blockSize=256, writeRatio=0.8, randomRatio=0.5
2020/06/02 22:37:28 thread 0: count=800, time=3.2, throughput=61
2020/06/02 22:37:28 thread 0: main loop, blockSize=256, writeRatio=0.8, randomRatio=0.5
2020/06/02 22:37:31 thread 0: count=800, time=3.2, throughput=63
2020/06/02 22:37:31 thread 0: main loop, blockSize=256, writeRatio=1.0, randomRatio=0.5
2020/06/02 22:37:34 thread 0: count=700, time=3.0, throughput=57
2020/06/02 22:37:34 thread 0: main loop, blockSize=256, writeRatio=1.0, randomRatio=0.5
2020/06/02 22:37:37 thread 0: count=800, time=3.1, throughput=64
2020/06/02 22:37:37 thread 0: main loop, blockSize=256, writeRatio=1.0, randomRatio=0.5
2020/06/02 22:37:40 thread 0: count=600, time=3.0, throughput=49
2020/06/02 22:37:40 thread 0: main loop, blockSize=256, writeRatio=1.0, randomRatio=0.5
2020/06/02 22:37:43 thread 0: count=600, time=3.1, throughput=48
2020/06/02 22:37:43 thread 0: main loop, blockSize=256, writeRatio=1.0, randomRatio=0.5
2020/06/02 22:37:46 thread 0: count=700, time=3.3, throughput=52
2020/06/02 22:37:46 thread 0: main loop, blockSize=256, writeRatio=0.0, randomRatio=1.0
2020/06/02 22:37:49 thread 0: count=7900, time=3.0, throughput=655
2020/06/02 22:37:49 thread 0: main loop, blockSize=256, writeRatio=0.0, randomRatio=1.0
2020/06/02 22:37:52 thread 0: count=7900, time=3.0, throughput=657
2020/06/02 22:37:52 thread 0: main loop, blockSize=256, writeRatio=0.0, randomRatio=1.0
2020/06/02 22:37:55 thread 0: count=7900, time=3.0, throughput=657
2020/06/02 22:37:55 thread 0: main loop, blockSize=256, writeRatio=0.0, randomRatio=1.0
2020/06/02 22:37:58 thread 0: count=7900, time=3.0, throughput=657
2020/06/02 22:37:58 thread 0: main loop, blockSize=256, writeRatio=0.0, randomRatio=1.0
2020/06/02 22:38:01 thread 0: count=8000, time=3.0, throughput=659
2020/06/02 22:38:01 thread 0: main loop, blockSize=256, writeRatio=0.2, randomRatio=1.0
2020/06/02 22:38:04 thread 0: count=2700, time=3.0, throughput=223
2020/06/02 22:38:04 thread 0: main loop, blockSize=256, writeRatio=0.2, randomRatio=1.0
2020/06/02 22:38:07 thread 0: count=3200, time=3.0, throughput=263
2020/06/02 22:38:07 thread 0: main loop, blockSize=256, writeRatio=0.2, randomRatio=1.0
2020/06/02 22:38:10 thread 0: count=2500, time=3.1, throughput=203
2020/06/02 22:38:10 thread 0: main loop, blockSize=256, writeRatio=0.2, randomRatio=1.0
2020/06/02 22:38:14 thread 0: count=2300, time=3.1, throughput=185
2020/06/02 22:38:14 thread 0: main loop, blockSize=256, writeRatio=0.2, randomRatio=1.0
2020/06/02 22:38:17 thread 0: count=2600, time=3.1, throughput=208
2020/06/02 22:38:17 thread 0: main loop, blockSize=256, writeRatio=0.4, randomRatio=1.0
2020/06/02 22:38:20 thread 0: count=1800, time=3.0, throughput=149
2020/06/02 22:38:20 thread 0: main loop, blockSize=256, writeRatio=0.4, randomRatio=1.0
2020/06/02 22:38:23 thread 0: count=1500, time=3.0, throughput=124
2020/06/02 22:38:23 thread 0: main loop, blockSize=256, writeRatio=0.4, randomRatio=1.0
2020/06/02 22:38:26 thread 0: count=1500, time=3.0, throughput=123
2020/06/02 22:38:26 thread 0: main loop, blockSize=256, writeRatio=0.4, randomRatio=1.0
2020/06/02 22:38:29 thread 0: count=1500, time=3.1, throughput=119
2020/06/02 22:38:29 thread 0: main loop, blockSize=256, writeRatio=0.4, randomRatio=1.0
2020/06/02 22:38:32 thread 0: count=1400, time=3.2, throughput=108
2020/06/02 22:38:32 thread 0: main loop, blockSize=256, writeRatio=0.5, randomRatio=1.0
2020/06/02 22:38:35 thread 0: count=1100, time=3.1, throughput=88
2020/06/02 22:38:35 thread 0: main loop, blockSize=256, writeRatio=0.5, randomRatio=1.0
2020/06/02 22:38:38 thread 0: count=1200, time=3.2, throughput=92
2020/06/02 22:38:38 thread 0: main loop, blockSize=256, writeRatio=0.5, randomRatio=1.0
2020/06/02 22:38:42 thread 0: count=1200, time=3.1, throughput=97
2020/06/02 22:38:42 thread 0: main loop, blockSize=256, writeRatio=0.5, randomRatio=1.0
2020/06/02 22:38:45 thread 0: count=1100, time=3.3, throughput=84
2020/06/02 22:38:45 thread 0: main loop, blockSize=256, writeRatio=0.5, randomRatio=1.0
2020/06/02 22:38:48 thread 0: count=1400, time=3.1, throughput=113
2020/06/02 22:38:48 thread 0: main loop, blockSize=256, writeRatio=0.6, randomRatio=1.0
2020/06/02 22:38:51 thread 0: count=1500, time=3.1, throughput=120
2020/06/02 22:38:51 thread 0: main loop, blockSize=256, writeRatio=0.6, randomRatio=1.0
2020/06/02 22:38:54 thread 0: count=1000, time=3.2, throughput=77
2020/06/02 22:38:54 thread 0: main loop, blockSize=256, writeRatio=0.6, randomRatio=1.0
2020/06/02 22:38:57 thread 0: count=1000, time=3.1, throughput=80
2020/06/02 22:38:57 thread 0: main loop, blockSize=256, writeRatio=0.6, randomRatio=1.0
2020/06/02 22:39:01 thread 0: count=1100, time=3.2, throughput=85
2020/06/02 22:39:01 thread 0: main loop, blockSize=256, writeRatio=0.6, randomRatio=1.0
2020/06/02 22:39:04 thread 0: count=900, time=3.1, throughput=72
2020/06/02 22:39:04 thread 0: main loop, blockSize=256, writeRatio=0.8, randomRatio=1.0
2020/06/02 22:39:07 thread 0: count=800, time=3.1, throughput=65
2020/06/02 22:39:07 thread 0: main loop, blockSize=256, writeRatio=0.8, randomRatio=1.0
2020/06/02 22:39:10 thread 0: count=800, time=3.0, throughput=65
2020/06/02 22:39:10 thread 0: main loop, blockSize=256, writeRatio=0.8, randomRatio=1.0
2020/06/02 22:39:13 thread 0: count=800, time=3.2, throughput=62
2020/06/02 22:39:13 thread 0: main loop, blockSize=256, writeRatio=0.8, randomRatio=1.0
2020/06/02 22:39:16 thread 0: count=900, time=3.1, throughput=72
2020/06/02 22:39:16 thread 0: main loop, blockSize=256, writeRatio=0.8, randomRatio=1.0
2020/06/02 22:39:19 thread 0: count=1000, time=3.3, throughput=76
2020/06/02 22:39:19 thread 0: main loop, blockSize=256, writeRatio=1.0, randomRatio=1.0
2020/06/02 22:39:23 thread 0: count=700, time=3.3, throughput=53
2020/06/02 22:39:23 thread 0: main loop, blockSize=256, writeRatio=1.0, randomRatio=1.0
2020/06/02 22:39:26 thread 0: count=800, time=3.4, throughput=58
2020/06/02 22:39:26 thread 0: main loop, blockSize=256, writeRatio=1.0, randomRatio=1.0
2020/06/02 22:39:29 thread 0: count=900, time=3.3, throughput=68
2020/06/02 22:39:29 thread 0: main loop, blockSize=256, writeRatio=1.0, randomRatio=1.0
2020/06/02 22:39:33 thread 0: count=700, time=3.3, throughput=52
2020/06/02 22:39:33 thread 0: main loop, blockSize=256, writeRatio=1.0, randomRatio=1.0
2020/06/02 22:39:36 thread 0: count=700, time=3.5, throughput=50
2020/06/02 22:39:36 thread 0: main loop, blockSize=512, writeRatio=0.0, randomRatio=0.0
2020/06/02 22:39:39 thread 0: count=13400, time=3.0, throughput=2218
2020/06/02 22:39:39 thread 0: main loop, blockSize=512, writeRatio=0.0, randomRatio=0.0
2020/06/02 22:39:42 thread 0: count=13600, time=3.0, throughput=2256
2020/06/02 22:39:42 thread 0: main loop, blockSize=512, writeRatio=0.0, randomRatio=0.0
2020/06/02 22:39:45 thread 0: count=13600, time=3.0, throughput=2263
2020/06/02 22:39:45 thread 0: main loop, blockSize=512, writeRatio=0.0, randomRatio=0.0
2020/06/02 22:39:48 thread 0: count=13700, time=3.0, throughput=2267
2020/06/02 22:39:48 thread 0: main loop, blockSize=512, writeRatio=0.0, randomRatio=0.0
2020/06/02 22:39:51 thread 0: count=13500, time=3.0, throughput=2246
2020/06/02 22:39:51 thread 0: main loop, blockSize=512, writeRatio=0.2, randomRatio=0.0
2020/06/02 22:39:54 thread 0: count=2300, time=3.1, throughput=369
2020/06/02 22:39:54 thread 0: main loop, blockSize=512, writeRatio=0.2, randomRatio=0.0
2020/06/02 22:39:57 thread 0: count=3300, time=3.1, throughput=533
2020/06/02 22:39:57 thread 0: main loop, blockSize=512, writeRatio=0.2, randomRatio=0.0
2020/06/02 22:40:00 thread 0: count=2500, time=3.1, throughput=407
2020/06/02 22:40:00 thread 0: main loop, blockSize=512, writeRatio=0.2, randomRatio=0.0
2020/06/02 22:40:04 thread 0: count=2300, time=3.1, throughput=372
2020/06/02 22:40:04 thread 0: main loop, blockSize=512, writeRatio=0.2, randomRatio=0.0
2020/06/02 22:40:07 thread 0: count=2300, time=3.0, throughput=382
2020/06/02 22:40:07 thread 0: main loop, blockSize=512, writeRatio=0.4, randomRatio=0.0
2020/06/02 22:40:10 thread 0: count=1300, time=3.1, throughput=208
2020/06/02 22:40:10 thread 0: main loop, blockSize=512, writeRatio=0.4, randomRatio=0.0
2020/06/02 22:40:13 thread 0: count=1700, time=3.1, throughput=275
2020/06/02 22:40:13 thread 0: main loop, blockSize=512, writeRatio=0.4, randomRatio=0.0
2020/06/02 22:40:16 thread 0: count=1600, time=3.1, throughput=254
2020/06/02 22:40:16 thread 0: main loop, blockSize=512, writeRatio=0.4, randomRatio=0.0
2020/06/02 22:40:19 thread 0: count=1600, time=3.1, throughput=262
2020/06/02 22:40:19 thread 0: main loop, blockSize=512, writeRatio=0.4, randomRatio=0.0
2020/06/02 22:40:22 thread 0: count=1400, time=3.2, throughput=221
2020/06/02 22:40:22 thread 0: main loop, blockSize=512, writeRatio=0.5, randomRatio=0.0
2020/06/02 22:40:25 thread 0: count=1100, time=3.0, throughput=181
2020/06/02 22:40:25 thread 0: main loop, blockSize=512, writeRatio=0.5, randomRatio=0.0
2020/06/02 22:40:28 thread 0: count=1300, time=3.1, throughput=208
2020/06/02 22:40:28 thread 0: main loop, blockSize=512, writeRatio=0.5, randomRatio=0.0
2020/06/02 22:40:31 thread 0: count=1200, time=3.0, throughput=198
2020/06/02 22:40:31 thread 0: main loop, blockSize=512, writeRatio=0.5, randomRatio=0.0
2020/06/02 22:40:35 thread 0: count=1300, time=3.4, throughput=192
2020/06/02 22:40:35 thread 0: main loop, blockSize=512, writeRatio=0.5, randomRatio=0.0
2020/06/02 22:40:38 thread 0: count=1100, time=3.1, throughput=180
2020/06/02 22:40:38 thread 0: main loop, blockSize=512, writeRatio=0.6, randomRatio=0.0
2020/06/02 22:40:41 thread 0: count=1300, time=3.2, throughput=204
2020/06/02 22:40:41 thread 0: main loop, blockSize=512, writeRatio=0.6, randomRatio=0.0
2020/06/02 22:40:44 thread 0: count=1100, time=3.3, throughput=165
2020/06/02 22:40:44 thread 0: main loop, blockSize=512, writeRatio=0.6, randomRatio=0.0
2020/06/02 22:40:47 thread 0: count=1100, time=3.1, throughput=179
2020/06/02 22:40:47 thread 0: main loop, blockSize=512, writeRatio=0.6, randomRatio=0.0
2020/06/02 22:40:50 thread 0: count=1600, time=3.1, throughput=255
2020/06/02 22:40:50 thread 0: main loop, blockSize=512, writeRatio=0.6, randomRatio=0.0
2020/06/02 22:40:54 thread 0: count=1200, time=3.2, throughput=189
2020/06/02 22:40:54 thread 0: main loop, blockSize=512, writeRatio=0.8, randomRatio=0.0
2020/06/02 22:40:57 thread 0: count=800, time=3.3, throughput=122
2020/06/02 22:40:57 thread 0: main loop, blockSize=512, writeRatio=0.8, randomRatio=0.0
2020/06/02 22:41:00 thread 0: count=1000, time=3.3, throughput=150
2020/06/02 22:41:00 thread 0: main loop, blockSize=512, writeRatio=0.8, randomRatio=0.0
2020/06/02 22:41:03 thread 0: count=900, time=3.1, throughput=143
2020/06/02 22:41:03 thread 0: main loop, blockSize=512, writeRatio=0.8, randomRatio=0.0
2020/06/02 22:41:06 thread 0: count=900, time=3.0, throughput=148
2020/06/02 22:41:06 thread 0: main loop, blockSize=512, writeRatio=0.8, randomRatio=0.0
2020/06/02 22:41:09 thread 0: count=800, time=3.1, throughput=127
2020/06/02 22:41:09 thread 0: main loop, blockSize=512, writeRatio=1.0, randomRatio=0.0
2020/06/02 22:41:13 thread 0: count=700, time=3.6, throughput=98
2020/06/02 22:41:13 thread 0: main loop, blockSize=512, writeRatio=1.0, randomRatio=0.0
2020/06/02 22:41:16 thread 0: count=900, time=3.5, throughput=128
2020/06/02 22:41:17 thread 0: main loop, blockSize=512, writeRatio=1.0, randomRatio=0.0
2020/06/02 22:41:20 thread 0: count=800, time=3.1, throughput=127
2020/06/02 22:41:20 thread 0: main loop, blockSize=512, writeRatio=1.0, randomRatio=0.0
2020/06/02 22:41:23 thread 0: count=900, time=3.4, throughput=132
2020/06/02 22:41:23 thread 0: main loop, blockSize=512, writeRatio=1.0, randomRatio=0.0
2020/06/02 22:41:26 thread 0: count=1000, time=3.4, throughput=146
2020/06/02 22:41:26 thread 0: main loop, blockSize=512, writeRatio=0.0, randomRatio=0.5
2020/06/02 22:41:29 thread 0: count=10000, time=3.0, throughput=1652
2020/06/02 22:41:29 thread 0: main loop, blockSize=512, writeRatio=0.0, randomRatio=0.5
2020/06/02 22:41:33 thread 0: count=10000, time=3.0, throughput=1653
2020/06/02 22:41:33 thread 0: main loop, blockSize=512, writeRatio=0.0, randomRatio=0.5
2020/06/02 22:41:36 thread 0: count=10000, time=3.0, throughput=1659
2020/06/02 22:41:36 thread 0: main loop, blockSize=512, writeRatio=0.0, randomRatio=0.5
2020/06/02 22:41:39 thread 0: count=10000, time=3.0, throughput=1660
2020/06/02 22:41:39 thread 0: main loop, blockSize=512, writeRatio=0.0, randomRatio=0.5
2020/06/02 22:41:42 thread 0: count=10000, time=3.0, throughput=1657
2020/06/02 22:41:42 thread 0: main loop, blockSize=512, writeRatio=0.2, randomRatio=0.5
2020/06/02 22:41:45 thread 0: count=2700, time=3.1, throughput=442
2020/06/02 22:41:45 thread 0: main loop, blockSize=512, writeRatio=0.2, randomRatio=0.5
2020/06/02 22:41:48 thread 0: count=2600, time=3.1, throughput=425
2020/06/02 22:41:48 thread 0: main loop, blockSize=512, writeRatio=0.2, randomRatio=0.5
2020/06/02 22:41:51 thread 0: count=2600, time=3.1, throughput=420
2020/06/02 22:41:51 thread 0: main loop, blockSize=512, writeRatio=0.2, randomRatio=0.5
2020/06/02 22:41:54 thread 0: count=2400, time=3.1, throughput=389
2020/06/02 22:41:54 thread 0: main loop, blockSize=512, writeRatio=0.2, randomRatio=0.5
2020/06/02 22:41:57 thread 0: count=2600, time=3.0, throughput=431
2020/06/02 22:41:57 thread 0: main loop, blockSize=512, writeRatio=0.4, randomRatio=0.5
2020/06/02 22:42:00 thread 0: count=2500, time=3.0, throughput=412
2020/06/02 22:42:00 thread 0: main loop, blockSize=512, writeRatio=0.4, randomRatio=0.5
2020/06/02 22:42:03 thread 0: count=2600, time=3.1, throughput=421
2020/06/02 22:42:03 thread 0: main loop, blockSize=512, writeRatio=0.4, randomRatio=0.5
2020/06/02 22:42:06 thread 0: count=2000, time=3.1, throughput=317
2020/06/02 22:42:06 thread 0: main loop, blockSize=512, writeRatio=0.4, randomRatio=0.5
2020/06/02 22:42:09 thread 0: count=1500, time=3.2, throughput=236
2020/06/02 22:42:09 thread 0: main loop, blockSize=512, writeRatio=0.4, randomRatio=0.5
2020/06/02 22:42:12 thread 0: count=1400, time=3.0, throughput=231
2020/06/02 22:42:12 thread 0: main loop, blockSize=512, writeRatio=0.5, randomRatio=0.5
2020/06/02 22:42:15 thread 0: count=1300, time=3.0, throughput=214
2020/06/02 22:42:15 thread 0: main loop, blockSize=512, writeRatio=0.5, randomRatio=0.5
2020/06/02 22:42:18 thread 0: count=1900, time=3.0, throughput=313
2020/06/02 22:42:18 thread 0: main loop, blockSize=512, writeRatio=0.5, randomRatio=0.5
2020/06/02 22:42:21 thread 0: count=1600, time=3.0, throughput=263
2020/06/02 22:42:21 thread 0: main loop, blockSize=512, writeRatio=0.5, randomRatio=0.5
2020/06/02 22:42:25 thread 0: count=2000, time=3.2, throughput=312
2020/06/02 22:42:25 thread 0: main loop, blockSize=512, writeRatio=0.5, randomRatio=0.5
2020/06/02 22:42:28 thread 0: count=1300, time=3.1, throughput=209
2020/06/02 22:42:28 thread 0: main loop, blockSize=512, writeRatio=0.6, randomRatio=0.5
2020/06/02 22:42:31 thread 0: count=1400, time=3.2, throughput=218
2020/06/02 22:42:31 thread 0: main loop, blockSize=512, writeRatio=0.6, randomRatio=0.5
2020/06/02 22:42:34 thread 0: count=1100, time=3.1, throughput=176
2020/06/02 22:42:34 thread 0: main loop, blockSize=512, writeRatio=0.6, randomRatio=0.5
2020/06/02 22:42:37 thread 0: count=1600, time=3.1, throughput=259
2020/06/02 22:42:37 thread 0: main loop, blockSize=512, writeRatio=0.6, randomRatio=0.5
2020/06/02 22:42:40 thread 0: count=1500, time=3.2, throughput=232
2020/06/02 22:42:40 thread 0: main loop, blockSize=512, writeRatio=0.6, randomRatio=0.5
2020/06/02 22:42:43 thread 0: count=1400, time=3.1, throughput=227
2020/06/02 22:42:43 thread 0: main loop, blockSize=512, writeRatio=0.8, randomRatio=0.5
2020/06/02 22:42:47 thread 0: count=1300, time=3.3, throughput=197
2020/06/02 22:42:47 thread 0: main loop, blockSize=512, writeRatio=0.8, randomRatio=0.5
2020/06/02 22:42:50 thread 0: count=1100, time=3.2, throughput=171
2020/06/02 22:42:50 thread 0: main loop, blockSize=512, writeRatio=0.8, randomRatio=0.5
2020/06/02 22:42:53 thread 0: count=1000, time=3.3, throughput=153
2020/06/02 22:42:53 thread 0: main loop, blockSize=512, writeRatio=0.8, randomRatio=0.5
2020/06/02 22:42:56 thread 0: count=1200, time=3.0, throughput=197
2020/06/02 22:42:56 thread 0: main loop, blockSize=512, writeRatio=0.8, randomRatio=0.5
2020/06/02 22:42:59 thread 0: count=900, time=3.0, throughput=147
2020/06/02 22:42:59 thread 0: main loop, blockSize=512, writeRatio=1.0, randomRatio=0.5
2020/06/02 22:43:03 thread 0: count=700, time=3.3, throughput=105
2020/06/02 22:43:03 thread 0: main loop, blockSize=512, writeRatio=1.0, randomRatio=0.5
2020/06/02 22:43:06 thread 0: count=900, time=3.3, throughput=135
2020/06/02 22:43:06 thread 0: main loop, blockSize=512, writeRatio=1.0, randomRatio=0.5
2020/06/02 22:43:09 thread 0: count=700, time=3.1, throughput=111
2020/06/02 22:43:09 thread 0: main loop, blockSize=512, writeRatio=1.0, randomRatio=0.5
2020/06/02 22:43:12 thread 0: count=700, time=3.1, throughput=111
2020/06/02 22:43:12 thread 0: main loop, blockSize=512, writeRatio=1.0, randomRatio=0.5
2020/06/02 22:43:15 thread 0: count=900, time=3.3, throughput=135
2020/06/02 22:43:15 thread 0: main loop, blockSize=512, writeRatio=0.0, randomRatio=1.0
2020/06/02 22:43:19 thread 0: count=9800, time=3.0, throughput=1618
2020/06/02 22:43:19 thread 0: main loop, blockSize=512, writeRatio=0.0, randomRatio=1.0
2020/06/02 22:43:22 thread 0: count=9700, time=3.0, throughput=1615
2020/06/02 22:43:22 thread 0: main loop, blockSize=512, writeRatio=0.0, randomRatio=1.0
2020/06/02 22:43:25 thread 0: count=9700, time=3.0, throughput=1613
2020/06/02 22:43:25 thread 0: main loop, blockSize=512, writeRatio=0.0, randomRatio=1.0
2020/06/02 22:43:28 thread 0: count=9800, time=3.0, throughput=1619
2020/06/02 22:43:28 thread 0: main loop, blockSize=512, writeRatio=0.0, randomRatio=1.0
2020/06/02 22:43:31 thread 0: count=9800, time=3.0, throughput=1619
2020/06/02 22:43:31 thread 0: main loop, blockSize=512, writeRatio=0.2, randomRatio=1.0
2020/06/02 22:43:34 thread 0: count=2500, time=3.0, throughput=410
2020/06/02 22:43:34 thread 0: main loop, blockSize=512, writeRatio=0.2, randomRatio=1.0
2020/06/02 22:43:37 thread 0: count=2500, time=3.0, throughput=410
2020/06/02 22:43:37 thread 0: main loop, blockSize=512, writeRatio=0.2, randomRatio=1.0
2020/06/02 22:43:40 thread 0: count=2500, time=3.0, throughput=415
2020/06/02 22:43:40 thread 0: main loop, blockSize=512, writeRatio=0.2, randomRatio=1.0
2020/06/02 22:43:43 thread 0: count=2400, time=3.0, throughput=395
2020/06/02 22:43:43 thread 0: main loop, blockSize=512, writeRatio=0.2, randomRatio=1.0
2020/06/02 22:43:46 thread 0: count=2800, time=3.1, throughput=451
2020/06/02 22:43:46 thread 0: main loop, blockSize=512, writeRatio=0.4, randomRatio=1.0
2020/06/02 22:43:49 thread 0: count=1500, time=3.1, throughput=242
2020/06/02 22:43:49 thread 0: main loop, blockSize=512, writeRatio=0.4, randomRatio=1.0
2020/06/02 22:43:52 thread 0: count=1400, time=3.1, throughput=227
2020/06/02 22:43:52 thread 0: main loop, blockSize=512, writeRatio=0.4, randomRatio=1.0
2020/06/02 22:43:55 thread 0: count=1500, time=3.2, throughput=234
2020/06/02 22:43:55 thread 0: main loop, blockSize=512, writeRatio=0.4, randomRatio=1.0
2020/06/02 22:43:58 thread 0: count=1600, time=3.2, throughput=249
2020/06/02 22:43:58 thread 0: main loop, blockSize=512, writeRatio=0.4, randomRatio=1.0
2020/06/02 22:44:02 thread 0: count=1500, time=3.2, throughput=236
2020/06/02 22:44:02 thread 0: main loop, blockSize=512, writeRatio=0.5, randomRatio=1.0
2020/06/02 22:44:05 thread 0: count=1300, time=3.1, throughput=206
2020/06/02 22:44:05 thread 0: main loop, blockSize=512, writeRatio=0.5, randomRatio=1.0
2020/06/02 22:44:08 thread 0: count=1400, time=3.0, throughput=231
2020/06/02 22:44:08 thread 0: main loop, blockSize=512, writeRatio=0.5, randomRatio=1.0
2020/06/02 22:44:11 thread 0: count=1300, time=3.0, throughput=213
2020/06/02 22:44:11 thread 0: main loop, blockSize=512, writeRatio=0.5, randomRatio=1.0
2020/06/02 22:44:14 thread 0: count=1300, time=3.2, throughput=204
2020/06/02 22:44:14 thread 0: main loop, blockSize=512, writeRatio=0.5, randomRatio=1.0
2020/06/02 22:44:17 thread 0: count=1400, time=3.2, throughput=218
2020/06/02 22:44:17 thread 0: main loop, blockSize=512, writeRatio=0.6, randomRatio=1.0
2020/06/02 22:44:21 thread 0: count=1200, time=3.3, throughput=184
2020/06/02 22:44:21 thread 0: main loop, blockSize=512, writeRatio=0.6, randomRatio=1.0
2020/06/02 22:44:24 thread 0: count=1100, time=3.1, throughput=179
2020/06/02 22:44:24 thread 0: main loop, blockSize=512, writeRatio=0.6, randomRatio=1.0
2020/06/02 22:44:27 thread 0: count=1100, time=3.0, throughput=181
2020/06/02 22:44:27 thread 0: main loop, blockSize=512, writeRatio=0.6, randomRatio=1.0
2020/06/02 22:44:30 thread 0: count=1100, time=3.2, throughput=172
2020/06/02 22:44:30 thread 0: main loop, blockSize=512, writeRatio=0.6, randomRatio=1.0
2020/06/02 22:44:33 thread 0: count=1100, time=3.1, throughput=179
2020/06/02 22:44:33 thread 0: main loop, blockSize=512, writeRatio=0.8, randomRatio=1.0
2020/06/02 22:44:36 thread 0: count=900, time=3.0, throughput=148
2020/06/02 22:44:36 thread 0: main loop, blockSize=512, writeRatio=0.8, randomRatio=1.0
2020/06/02 22:44:40 thread 0: count=1000, time=3.2, throughput=154
2020/06/02 22:44:40 thread 0: main loop, blockSize=512, writeRatio=0.8, randomRatio=1.0
2020/06/02 22:44:43 thread 0: count=900, time=3.2, throughput=139
2020/06/02 22:44:43 thread 0: main loop, blockSize=512, writeRatio=0.8, randomRatio=1.0
2020/06/02 22:44:46 thread 0: count=800, time=3.3, throughput=120
2020/06/02 22:44:46 thread 0: main loop, blockSize=512, writeRatio=0.8, randomRatio=1.0
2020/06/02 22:44:49 thread 0: count=900, time=3.1, throughput=146
2020/06/02 22:44:49 thread 0: main loop, blockSize=512, writeRatio=1.0, randomRatio=1.0
2020/06/02 22:44:53 thread 0: count=800, time=3.4, throughput=116
2020/06/02 22:44:53 thread 0: main loop, blockSize=512, writeRatio=1.0, randomRatio=1.0
2020/06/02 22:44:56 thread 0: count=800, time=3.2, throughput=125
2020/06/02 22:44:56 thread 0: main loop, blockSize=512, writeRatio=1.0, randomRatio=1.0
2020/06/02 22:44:59 thread 0: count=700, time=3.1, throughput=111
2020/06/02 22:44:59 thread 0: main loop, blockSize=512, writeRatio=1.0, randomRatio=1.0
2020/06/02 22:45:02 thread 0: count=800, time=3.3, throughput=121
2020/06/02 22:45:02 thread 0: main loop, blockSize=512, writeRatio=1.0, randomRatio=1.0
2020/06/02 22:45:06 thread 0: count=700, time=3.5, throughput=101
